<?xml version="1.0" encoding="UTF-8"?>
<testsuites name="Create Sweep" time="11" tests="0" failures="0" errors="13">
   <testsuite name="Create Sweep" tests="0" failures="0" errors="13" time="11" timestamp="2019-11-27 12:02:00" hostname="khaja.h - LP-5CD7465GP0.HCLT.CORP.HCL.IN" id="Test Suites/Create Sweep">
      <properties>
         <property name="deviceName" value=""/>
         <property name="devicePlatform" value=""/>
         <property name="logFolder" value="C:\\Users\\khaja.h\\Katalon Studio\\Z-Connect\\Reports\\Create Sweep\\20191127_120153"/>
         <property name="logFiles" value="C:\\Users\\khaja.h\\Katalon Studio\\Z-Connect\\Reports\\Create Sweep\\20191127_120153\\execution0.log"/>
         <property name="attachments" value=""/>
         <property name="hostName" value="khaja.h - LP-5CD7465GP0.HCLT.CORP.HCL.IN"/>
         <property name="hostAddress" value="20.195.11.18"/>
         <property name="os" value="Windows 10 64bit"/>
         <property name="katalonVersion" value="5.10.1.1"/>
      </properties>
      <testcase name="Test Cases/Create Sweep/Create a sweep for the DDA account for sweep type XF" classname="Test Cases/Create Sweep/Create a sweep for the DDA account for sweep type XF" status="ERROR">
         <error type="ERROR" message="Test Cases/Create Sweep/Create a sweep for the DDA account for sweep type XF FAILED.
Reason:
java.lang.IllegalArgumentException: Cannot find test data with id 'Data Files/Z-Connect Test Data/Create Sweep_TestData' because (of) 'java.io.FileNotFoundException: C:\Users\khaja.h\Katalon Studio\Z_Connect_Projects\Data Files\Excel Files\Z_Connect_Projects.xlsx'
	at com.kms.katalon.core.testdata.TestDataFactory.findTestData(TestDataFactory.java:122)
	at com.kms.katalon.core.testdata.TestDataFactory$findTestData.callStatic(Unknown Source)
	at Create a sweep for the DDA account for sweep type XF.run(Create a sweep for the DDA account for sweep type XF:18)
	at com.kms.katalon.core.main.ScriptEngine.run(ScriptEngine.java:194)
	at com.kms.katalon.core.main.ScriptEngine.runScriptAsRawText(ScriptEngine.java:119)
	at com.kms.katalon.core.main.TestCaseExecutor.runScript(TestCaseExecutor.java:328)
	at com.kms.katalon.core.main.TestCaseExecutor.doExecute(TestCaseExecutor.java:319)
	at com.kms.katalon.core.main.TestCaseExecutor.processExecutionPhase(TestCaseExecutor.java:298)
	at com.kms.katalon.core.main.TestCaseExecutor.accessMainPhase(TestCaseExecutor.java:290)
	at com.kms.katalon.core.main.TestCaseExecutor.execute(TestCaseExecutor.java:224)
	at com.kms.katalon.core.main.TestSuiteExecutor.accessTestCaseMainPhase(TestSuiteExecutor.java:129)
	at com.kms.katalon.core.main.TestSuiteExecutor.accessTestSuiteMainPhase(TestSuiteExecutor.java:112)
	at com.kms.katalon.core.main.TestSuiteExecutor.execute(TestSuiteExecutor.java:81)
	at com.kms.katalon.core.main.TestCaseMain.startTestSuite(TestCaseMain.java:149)
	at com.kms.katalon.core.main.TestCaseMain$startTestSuite$0.call(Unknown Source)
	at TempTestSuite1574836313732.run(TempTestSuite1574836313732.groovy:36)
"/>
         <system-out><![CDATA[2019-11-27 12:02:01 - [TEST_CASE][ERROR] - Test Cases/Create Sweep/Create a sweep for the DDA account for sweep type XF: Test Cases/Create Sweep/Create a sweep for the DDA account for sweep type XF FAILED.
Reason:
java.lang.IllegalArgumentException: Cannot find test data with id 'Data Files/Z-Connect Test Data/Create Sweep_TestData' because (of) 'java.io.FileNotFoundException: C:\Users\khaja.h\Katalon Studio\Z_Connect_Projects\Data Files\Excel Files\Z_Connect_Projects.xlsx'
	at com.kms.katalon.core.testdata.TestDataFactory.findTestData(TestDataFactory.java:122)
	at com.kms.katalon.core.testdata.TestDataFactory$findTestData.callStatic(Unknown Source)
	at Create a sweep for the DDA account for sweep type XF.run(Create a sweep for the DDA account for sweep type XF:18)
	at com.kms.katalon.core.main.ScriptEngine.run(ScriptEngine.java:194)
	at com.kms.katalon.core.main.ScriptEngine.runScriptAsRawText(ScriptEngine.java:119)
	at com.kms.katalon.core.main.TestCaseExecutor.runScript(TestCaseExecutor.java:328)
	at com.kms.katalon.core.main.TestCaseExecutor.doExecute(TestCaseExecutor.java:319)
	at com.kms.katalon.core.main.TestCaseExecutor.processExecutionPhase(TestCaseExecutor.java:298)
	at com.kms.katalon.core.main.TestCaseExecutor.accessMainPhase(TestCaseExecutor.java:290)
	at com.kms.katalon.core.main.TestCaseExecutor.execute(TestCaseExecutor.java:224)
	at com.kms.katalon.core.main.TestSuiteExecutor.accessTestCaseMainPhase(TestSuiteExecutor.java:129)
	at com.kms.katalon.core.main.TestSuiteExecutor.accessTestSuiteMainPhase(TestSuiteExecutor.java:112)
	at com.kms.katalon.core.main.TestSuiteExecutor.execute(TestSuiteExecutor.java:81)
	at com.kms.katalon.core.main.TestCaseMain.startTestSuite(TestCaseMain.java:149)
	at com.kms.katalon.core.main.TestCaseMain$startTestSuite$0.call(Unknown Source)
	at TempTestSuite1574836313732.run(TempTestSuite1574836313732.groovy:36)


2019-11-27 12:02:02 - [TEST_STEP][PASSED] - str = "createSweepServiceOperationResponse.RESPONSE.Output.xStatus.": null

2019-11-27 12:02:02 - [TEST_STEP][ERROR] - testdatapath = findTestData("Z-Connect Test Data/Create Sweep_TestData"): testdatapath = findTestData("Z-Connect Test Data/Create Sweep_TestData") FAILED.
Reason:
java.lang.IllegalArgumentException: Cannot find test data with id 'Data Files/Z-Connect Test Data/Create Sweep_TestData' because (of) 'java.io.FileNotFoundException: C:\Users\khaja.h\Katalon Studio\Z_Connect_Projects\Data Files\Excel Files\Z_Connect_Projects.xlsx'
	at com.kms.katalon.core.testdata.TestDataFactory.findTestData(TestDataFactory.java:122)
	at com.kms.katalon.core.testdata.TestDataFactory$findTestData.callStatic(Unknown Source)
	at Create a sweep for the DDA account for sweep type XF.run(Create a sweep for the DDA account for sweep type XF:18)
	at com.kms.katalon.core.main.ScriptEngine.run(ScriptEngine.java:194)
	at com.kms.katalon.core.main.ScriptEngine.runScriptAsRawText(ScriptEngine.java:119)
	at com.kms.katalon.core.main.TestCaseExecutor.runScript(TestCaseExecutor.java:328)
	at com.kms.katalon.core.main.TestCaseExecutor.doExecute(TestCaseExecutor.java:319)
	at com.kms.katalon.core.main.TestCaseExecutor.processExecutionPhase(TestCaseExecutor.java:298)
	at com.kms.katalon.core.main.TestCaseExecutor.accessMainPhase(TestCaseExecutor.java:290)
	at com.kms.katalon.core.main.TestCaseExecutor.execute(TestCaseExecutor.java:224)
	at com.kms.katalon.core.main.TestSuiteExecutor.accessTestCaseMainPhase(TestSuiteExecutor.java:129)
	at com.kms.katalon.core.main.TestSuiteExecutor.accessTestSuiteMainPhase(TestSuiteExecutor.java:112)
	at com.kms.katalon.core.main.TestSuiteExecutor.execute(TestSuiteExecutor.java:81)
	at com.kms.katalon.core.main.TestCaseMain.startTestSuite(TestCaseMain.java:149)
	at com.kms.katalon.core.main.TestCaseMain$startTestSuite$0.call(Unknown Source)
	at TempTestSuite1574836313732.run(TempTestSuite1574836313732.groovy:36)


2019-11-27 12:02:02 - [MESSAGE][ERROR] - testdatapath = findTestData("Z-Connect Test Data/Create Sweep_TestData") FAILED.
Reason:
java.lang.IllegalArgumentException: Cannot find test data with id 'Data Files/Z-Connect Test Data/Create Sweep_TestData' because (of) 'java.io.FileNotFoundException: C:\Users\khaja.h\Katalon Studio\Z_Connect_Projects\Data Files\Excel Files\Z_Connect_Projects.xlsx'
	at com.kms.katalon.core.testdata.TestDataFactory.findTestData(TestDataFactory.java:122)
	at com.kms.katalon.core.testdata.TestDataFactory$findTestData.callStatic(Unknown Source)
	at Create a sweep for the DDA account for sweep type XF.run(Create a sweep for the DDA account for sweep type XF:18)
	at com.kms.katalon.core.main.ScriptEngine.run(ScriptEngine.java:194)
	at com.kms.katalon.core.main.ScriptEngine.runScriptAsRawText(ScriptEngine.java:119)
	at com.kms.katalon.core.main.TestCaseExecutor.runScript(TestCaseExecutor.java:328)
	at com.kms.katalon.core.main.TestCaseExecutor.doExecute(TestCaseExecutor.java:319)
	at com.kms.katalon.core.main.TestCaseExecutor.processExecutionPhase(TestCaseExecutor.java:298)
	at com.kms.katalon.core.main.TestCaseExecutor.accessMainPhase(TestCaseExecutor.java:290)
	at com.kms.katalon.core.main.TestCaseExecutor.execute(TestCaseExecutor.java:224)
	at com.kms.katalon.core.main.TestSuiteExecutor.accessTestCaseMainPhase(TestSuiteExecutor.java:129)
	at com.kms.katalon.core.main.TestSuiteExecutor.accessTestSuiteMainPhase(TestSuiteExecutor.java:112)
	at com.kms.katalon.core.main.TestSuiteExecutor.execute(TestSuiteExecutor.java:81)
	at com.kms.katalon.core.main.TestCaseMain.startTestSuite(TestCaseMain.java:149)
	at com.kms.katalon.core.main.TestCaseMain$startTestSuite$0.call(Unknown Source)
	at TempTestSuite1574836313732.run(TempTestSuite1574836313732.groovy:36)]]></system-out>
         <system-err><![CDATA[2019-11-27 12:02:01 - [TEST_CASE][ERROR] - Test Cases/Create Sweep/Create a sweep for the DDA account for sweep type XF: Test Cases/Create Sweep/Create a sweep for the DDA account for sweep type XF FAILED.
Reason:
java.lang.IllegalArgumentException: Cannot find test data with id 'Data Files/Z-Connect Test Data/Create Sweep_TestData' because (of) 'java.io.FileNotFoundException: C:\Users\khaja.h\Katalon Studio\Z_Connect_Projects\Data Files\Excel Files\Z_Connect_Projects.xlsx'
	at com.kms.katalon.core.testdata.TestDataFactory.findTestData(TestDataFactory.java:122)
	at com.kms.katalon.core.testdata.TestDataFactory$findTestData.callStatic(Unknown Source)
	at Create a sweep for the DDA account for sweep type XF.run(Create a sweep for the DDA account for sweep type XF:18)
	at com.kms.katalon.core.main.ScriptEngine.run(ScriptEngine.java:194)
	at com.kms.katalon.core.main.ScriptEngine.runScriptAsRawText(ScriptEngine.java:119)
	at com.kms.katalon.core.main.TestCaseExecutor.runScript(TestCaseExecutor.java:328)
	at com.kms.katalon.core.main.TestCaseExecutor.doExecute(TestCaseExecutor.java:319)
	at com.kms.katalon.core.main.TestCaseExecutor.processExecutionPhase(TestCaseExecutor.java:298)
	at com.kms.katalon.core.main.TestCaseExecutor.accessMainPhase(TestCaseExecutor.java:290)
	at com.kms.katalon.core.main.TestCaseExecutor.execute(TestCaseExecutor.java:224)
	at com.kms.katalon.core.main.TestSuiteExecutor.accessTestCaseMainPhase(TestSuiteExecutor.java:129)
	at com.kms.katalon.core.main.TestSuiteExecutor.accessTestSuiteMainPhase(TestSuiteExecutor.java:112)
	at com.kms.katalon.core.main.TestSuiteExecutor.execute(TestSuiteExecutor.java:81)
	at com.kms.katalon.core.main.TestCaseMain.startTestSuite(TestCaseMain.java:149)
	at com.kms.katalon.core.main.TestCaseMain$startTestSuite$0.call(Unknown Source)
	at TempTestSuite1574836313732.run(TempTestSuite1574836313732.groovy:36)]]></system-err>
      </testcase>
      <testcase name="Test Cases/Create Sweep/Create a sweep for the DDA account for sweep type CD and Account not unique" classname="Test Cases/Create Sweep/Create a sweep for the DDA account for sweep type CD and Account not unique" status="ERROR">
         <error type="ERROR" message="Test Cases/Create Sweep/Create a sweep for the DDA account for sweep type CD and Account not unique FAILED.
Reason:
java.lang.IllegalArgumentException: Cannot find test data with id 'Data Files/Z-Connect Test Data/Create Sweep_TestData' because (of) 'java.io.FileNotFoundException: C:\Users\khaja.h\Katalon Studio\Z_Connect_Projects\Data Files\Excel Files\Z_Connect_Projects.xlsx'
	at com.kms.katalon.core.testdata.TestDataFactory.findTestData(TestDataFactory.java:122)
	at com.kms.katalon.core.testdata.TestDataFactory$findTestData.callStatic(Unknown Source)
	at Create a sweep for the DDA account for sweep type CD and Account not unique.run(Create a sweep for the DDA account for sweep type CD and Account not unique:18)
	at com.kms.katalon.core.main.ScriptEngine.run(ScriptEngine.java:194)
	at com.kms.katalon.core.main.ScriptEngine.runScriptAsRawText(ScriptEngine.java:119)
	at com.kms.katalon.core.main.TestCaseExecutor.runScript(TestCaseExecutor.java:328)
	at com.kms.katalon.core.main.TestCaseExecutor.doExecute(TestCaseExecutor.java:319)
	at com.kms.katalon.core.main.TestCaseExecutor.processExecutionPhase(TestCaseExecutor.java:298)
	at com.kms.katalon.core.main.TestCaseExecutor.accessMainPhase(TestCaseExecutor.java:290)
	at com.kms.katalon.core.main.TestCaseExecutor.execute(TestCaseExecutor.java:224)
	at com.kms.katalon.core.main.TestSuiteExecutor.accessTestCaseMainPhase(TestSuiteExecutor.java:129)
	at com.kms.katalon.core.main.TestSuiteExecutor.accessTestSuiteMainPhase(TestSuiteExecutor.java:112)
	at com.kms.katalon.core.main.TestSuiteExecutor.execute(TestSuiteExecutor.java:81)
	at com.kms.katalon.core.main.TestCaseMain.startTestSuite(TestCaseMain.java:149)
	at com.kms.katalon.core.main.TestCaseMain$startTestSuite$0.call(Unknown Source)
	at TempTestSuite1574836313732.run(TempTestSuite1574836313732.groovy:36)
"/>
         <system-out><![CDATA[2019-11-27 12:02:02 - [TEST_CASE][ERROR] - Test Cases/Create Sweep/Create a sweep for the DDA account for sweep type CD and Account not unique: Test Cases/Create Sweep/Create a sweep for the DDA account for sweep type CD and Account not unique FAILED.
Reason:
java.lang.IllegalArgumentException: Cannot find test data with id 'Data Files/Z-Connect Test Data/Create Sweep_TestData' because (of) 'java.io.FileNotFoundException: C:\Users\khaja.h\Katalon Studio\Z_Connect_Projects\Data Files\Excel Files\Z_Connect_Projects.xlsx'
	at com.kms.katalon.core.testdata.TestDataFactory.findTestData(TestDataFactory.java:122)
	at com.kms.katalon.core.testdata.TestDataFactory$findTestData.callStatic(Unknown Source)
	at Create a sweep for the DDA account for sweep type CD and Account not unique.run(Create a sweep for the DDA account for sweep type CD and Account not unique:18)
	at com.kms.katalon.core.main.ScriptEngine.run(ScriptEngine.java:194)
	at com.kms.katalon.core.main.ScriptEngine.runScriptAsRawText(ScriptEngine.java:119)
	at com.kms.katalon.core.main.TestCaseExecutor.runScript(TestCaseExecutor.java:328)
	at com.kms.katalon.core.main.TestCaseExecutor.doExecute(TestCaseExecutor.java:319)
	at com.kms.katalon.core.main.TestCaseExecutor.processExecutionPhase(TestCaseExecutor.java:298)
	at com.kms.katalon.core.main.TestCaseExecutor.accessMainPhase(TestCaseExecutor.java:290)
	at com.kms.katalon.core.main.TestCaseExecutor.execute(TestCaseExecutor.java:224)
	at com.kms.katalon.core.main.TestSuiteExecutor.accessTestCaseMainPhase(TestSuiteExecutor.java:129)
	at com.kms.katalon.core.main.TestSuiteExecutor.accessTestSuiteMainPhase(TestSuiteExecutor.java:112)
	at com.kms.katalon.core.main.TestSuiteExecutor.execute(TestSuiteExecutor.java:81)
	at com.kms.katalon.core.main.TestCaseMain.startTestSuite(TestCaseMain.java:149)
	at com.kms.katalon.core.main.TestCaseMain$startTestSuite$0.call(Unknown Source)
	at TempTestSuite1574836313732.run(TempTestSuite1574836313732.groovy:36)


2019-11-27 12:02:03 - [TEST_STEP][PASSED] - str = "createSweepServiceOperationResponse.RESPONSE.Output.xStatus.": null

2019-11-27 12:02:03 - [TEST_STEP][ERROR] - testdatapath = findTestData("Z-Connect Test Data/Create Sweep_TestData"): testdatapath = findTestData("Z-Connect Test Data/Create Sweep_TestData") FAILED.
Reason:
java.lang.IllegalArgumentException: Cannot find test data with id 'Data Files/Z-Connect Test Data/Create Sweep_TestData' because (of) 'java.io.FileNotFoundException: C:\Users\khaja.h\Katalon Studio\Z_Connect_Projects\Data Files\Excel Files\Z_Connect_Projects.xlsx'
	at com.kms.katalon.core.testdata.TestDataFactory.findTestData(TestDataFactory.java:122)
	at com.kms.katalon.core.testdata.TestDataFactory$findTestData.callStatic(Unknown Source)
	at Create a sweep for the DDA account for sweep type CD and Account not unique.run(Create a sweep for the DDA account for sweep type CD and Account not unique:18)
	at com.kms.katalon.core.main.ScriptEngine.run(ScriptEngine.java:194)
	at com.kms.katalon.core.main.ScriptEngine.runScriptAsRawText(ScriptEngine.java:119)
	at com.kms.katalon.core.main.TestCaseExecutor.runScript(TestCaseExecutor.java:328)
	at com.kms.katalon.core.main.TestCaseExecutor.doExecute(TestCaseExecutor.java:319)
	at com.kms.katalon.core.main.TestCaseExecutor.processExecutionPhase(TestCaseExecutor.java:298)
	at com.kms.katalon.core.main.TestCaseExecutor.accessMainPhase(TestCaseExecutor.java:290)
	at com.kms.katalon.core.main.TestCaseExecutor.execute(TestCaseExecutor.java:224)
	at com.kms.katalon.core.main.TestSuiteExecutor.accessTestCaseMainPhase(TestSuiteExecutor.java:129)
	at com.kms.katalon.core.main.TestSuiteExecutor.accessTestSuiteMainPhase(TestSuiteExecutor.java:112)
	at com.kms.katalon.core.main.TestSuiteExecutor.execute(TestSuiteExecutor.java:81)
	at com.kms.katalon.core.main.TestCaseMain.startTestSuite(TestCaseMain.java:149)
	at com.kms.katalon.core.main.TestCaseMain$startTestSuite$0.call(Unknown Source)
	at TempTestSuite1574836313732.run(TempTestSuite1574836313732.groovy:36)


2019-11-27 12:02:03 - [MESSAGE][ERROR] - testdatapath = findTestData("Z-Connect Test Data/Create Sweep_TestData") FAILED.
Reason:
java.lang.IllegalArgumentException: Cannot find test data with id 'Data Files/Z-Connect Test Data/Create Sweep_TestData' because (of) 'java.io.FileNotFoundException: C:\Users\khaja.h\Katalon Studio\Z_Connect_Projects\Data Files\Excel Files\Z_Connect_Projects.xlsx'
	at com.kms.katalon.core.testdata.TestDataFactory.findTestData(TestDataFactory.java:122)
	at com.kms.katalon.core.testdata.TestDataFactory$findTestData.callStatic(Unknown Source)
	at Create a sweep for the DDA account for sweep type CD and Account not unique.run(Create a sweep for the DDA account for sweep type CD and Account not unique:18)
	at com.kms.katalon.core.main.ScriptEngine.run(ScriptEngine.java:194)
	at com.kms.katalon.core.main.ScriptEngine.runScriptAsRawText(ScriptEngine.java:119)
	at com.kms.katalon.core.main.TestCaseExecutor.runScript(TestCaseExecutor.java:328)
	at com.kms.katalon.core.main.TestCaseExecutor.doExecute(TestCaseExecutor.java:319)
	at com.kms.katalon.core.main.TestCaseExecutor.processExecutionPhase(TestCaseExecutor.java:298)
	at com.kms.katalon.core.main.TestCaseExecutor.accessMainPhase(TestCaseExecutor.java:290)
	at com.kms.katalon.core.main.TestCaseExecutor.execute(TestCaseExecutor.java:224)
	at com.kms.katalon.core.main.TestSuiteExecutor.accessTestCaseMainPhase(TestSuiteExecutor.java:129)
	at com.kms.katalon.core.main.TestSuiteExecutor.accessTestSuiteMainPhase(TestSuiteExecutor.java:112)
	at com.kms.katalon.core.main.TestSuiteExecutor.execute(TestSuiteExecutor.java:81)
	at com.kms.katalon.core.main.TestCaseMain.startTestSuite(TestCaseMain.java:149)
	at com.kms.katalon.core.main.TestCaseMain$startTestSuite$0.call(Unknown Source)
	at TempTestSuite1574836313732.run(TempTestSuite1574836313732.groovy:36)]]></system-out>
         <system-err><![CDATA[2019-11-27 12:02:02 - [TEST_CASE][ERROR] - Test Cases/Create Sweep/Create a sweep for the DDA account for sweep type CD and Account not unique: Test Cases/Create Sweep/Create a sweep for the DDA account for sweep type CD and Account not unique FAILED.
Reason:
java.lang.IllegalArgumentException: Cannot find test data with id 'Data Files/Z-Connect Test Data/Create Sweep_TestData' because (of) 'java.io.FileNotFoundException: C:\Users\khaja.h\Katalon Studio\Z_Connect_Projects\Data Files\Excel Files\Z_Connect_Projects.xlsx'
	at com.kms.katalon.core.testdata.TestDataFactory.findTestData(TestDataFactory.java:122)
	at com.kms.katalon.core.testdata.TestDataFactory$findTestData.callStatic(Unknown Source)
	at Create a sweep for the DDA account for sweep type CD and Account not unique.run(Create a sweep for the DDA account for sweep type CD and Account not unique:18)
	at com.kms.katalon.core.main.ScriptEngine.run(ScriptEngine.java:194)
	at com.kms.katalon.core.main.ScriptEngine.runScriptAsRawText(ScriptEngine.java:119)
	at com.kms.katalon.core.main.TestCaseExecutor.runScript(TestCaseExecutor.java:328)
	at com.kms.katalon.core.main.TestCaseExecutor.doExecute(TestCaseExecutor.java:319)
	at com.kms.katalon.core.main.TestCaseExecutor.processExecutionPhase(TestCaseExecutor.java:298)
	at com.kms.katalon.core.main.TestCaseExecutor.accessMainPhase(TestCaseExecutor.java:290)
	at com.kms.katalon.core.main.TestCaseExecutor.execute(TestCaseExecutor.java:224)
	at com.kms.katalon.core.main.TestSuiteExecutor.accessTestCaseMainPhase(TestSuiteExecutor.java:129)
	at com.kms.katalon.core.main.TestSuiteExecutor.accessTestSuiteMainPhase(TestSuiteExecutor.java:112)
	at com.kms.katalon.core.main.TestSuiteExecutor.execute(TestSuiteExecutor.java:81)
	at com.kms.katalon.core.main.TestCaseMain.startTestSuite(TestCaseMain.java:149)
	at com.kms.katalon.core.main.TestCaseMain$startTestSuite$0.call(Unknown Source)
	at TempTestSuite1574836313732.run(TempTestSuite1574836313732.groovy:36)]]></system-err>
      </testcase>
      <testcase name="Test Cases/Create Sweep/Create a sweep for the DDA account for sweep type CD code missing" classname="Test Cases/Create Sweep/Create a sweep for the DDA account for sweep type CD code missing" status="ERROR">
         <error type="ERROR" message="Test Cases/Create Sweep/Create a sweep for the DDA account for sweep type CD code missing FAILED.
Reason:
java.lang.IllegalArgumentException: Cannot find test data with id 'Data Files/Z-Connect Test Data/Create Sweep_TestData' because (of) 'java.io.FileNotFoundException: C:\Users\khaja.h\Katalon Studio\Z_Connect_Projects\Data Files\Excel Files\Z_Connect_Projects.xlsx'
	at com.kms.katalon.core.testdata.TestDataFactory.findTestData(TestDataFactory.java:122)
	at com.kms.katalon.core.testdata.TestDataFactory$findTestData.callStatic(Unknown Source)
	at Create a sweep for the DDA account for sweep type CD code missing.run(Create a sweep for the DDA account for sweep type CD code missing:18)
	at com.kms.katalon.core.main.ScriptEngine.run(ScriptEngine.java:194)
	at com.kms.katalon.core.main.ScriptEngine.runScriptAsRawText(ScriptEngine.java:119)
	at com.kms.katalon.core.main.TestCaseExecutor.runScript(TestCaseExecutor.java:328)
	at com.kms.katalon.core.main.TestCaseExecutor.doExecute(TestCaseExecutor.java:319)
	at com.kms.katalon.core.main.TestCaseExecutor.processExecutionPhase(TestCaseExecutor.java:298)
	at com.kms.katalon.core.main.TestCaseExecutor.accessMainPhase(TestCaseExecutor.java:290)
	at com.kms.katalon.core.main.TestCaseExecutor.execute(TestCaseExecutor.java:224)
	at com.kms.katalon.core.main.TestSuiteExecutor.accessTestCaseMainPhase(TestSuiteExecutor.java:129)
	at com.kms.katalon.core.main.TestSuiteExecutor.accessTestSuiteMainPhase(TestSuiteExecutor.java:112)
	at com.kms.katalon.core.main.TestSuiteExecutor.execute(TestSuiteExecutor.java:81)
	at com.kms.katalon.core.main.TestCaseMain.startTestSuite(TestCaseMain.java:149)
	at com.kms.katalon.core.main.TestCaseMain$startTestSuite$0.call(Unknown Source)
	at TempTestSuite1574836313732.run(TempTestSuite1574836313732.groovy:36)
"/>
         <system-out><![CDATA[2019-11-27 12:02:03 - [TEST_CASE][ERROR] - Test Cases/Create Sweep/Create a sweep for the DDA account for sweep type CD code missing: Test Cases/Create Sweep/Create a sweep for the DDA account for sweep type CD code missing FAILED.
Reason:
java.lang.IllegalArgumentException: Cannot find test data with id 'Data Files/Z-Connect Test Data/Create Sweep_TestData' because (of) 'java.io.FileNotFoundException: C:\Users\khaja.h\Katalon Studio\Z_Connect_Projects\Data Files\Excel Files\Z_Connect_Projects.xlsx'
	at com.kms.katalon.core.testdata.TestDataFactory.findTestData(TestDataFactory.java:122)
	at com.kms.katalon.core.testdata.TestDataFactory$findTestData.callStatic(Unknown Source)
	at Create a sweep for the DDA account for sweep type CD code missing.run(Create a sweep for the DDA account for sweep type CD code missing:18)
	at com.kms.katalon.core.main.ScriptEngine.run(ScriptEngine.java:194)
	at com.kms.katalon.core.main.ScriptEngine.runScriptAsRawText(ScriptEngine.java:119)
	at com.kms.katalon.core.main.TestCaseExecutor.runScript(TestCaseExecutor.java:328)
	at com.kms.katalon.core.main.TestCaseExecutor.doExecute(TestCaseExecutor.java:319)
	at com.kms.katalon.core.main.TestCaseExecutor.processExecutionPhase(TestCaseExecutor.java:298)
	at com.kms.katalon.core.main.TestCaseExecutor.accessMainPhase(TestCaseExecutor.java:290)
	at com.kms.katalon.core.main.TestCaseExecutor.execute(TestCaseExecutor.java:224)
	at com.kms.katalon.core.main.TestSuiteExecutor.accessTestCaseMainPhase(TestSuiteExecutor.java:129)
	at com.kms.katalon.core.main.TestSuiteExecutor.accessTestSuiteMainPhase(TestSuiteExecutor.java:112)
	at com.kms.katalon.core.main.TestSuiteExecutor.execute(TestSuiteExecutor.java:81)
	at com.kms.katalon.core.main.TestCaseMain.startTestSuite(TestCaseMain.java:149)
	at com.kms.katalon.core.main.TestCaseMain$startTestSuite$0.call(Unknown Source)
	at TempTestSuite1574836313732.run(TempTestSuite1574836313732.groovy:36)


2019-11-27 12:02:04 - [TEST_STEP][PASSED] - str = "createSweepServiceOperationResponse.RESPONSE.Output.xStatus.": null

2019-11-27 12:02:04 - [TEST_STEP][ERROR] - testdatapath = findTestData("Z-Connect Test Data/Create Sweep_TestData"): testdatapath = findTestData("Z-Connect Test Data/Create Sweep_TestData") FAILED.
Reason:
java.lang.IllegalArgumentException: Cannot find test data with id 'Data Files/Z-Connect Test Data/Create Sweep_TestData' because (of) 'java.io.FileNotFoundException: C:\Users\khaja.h\Katalon Studio\Z_Connect_Projects\Data Files\Excel Files\Z_Connect_Projects.xlsx'
	at com.kms.katalon.core.testdata.TestDataFactory.findTestData(TestDataFactory.java:122)
	at com.kms.katalon.core.testdata.TestDataFactory$findTestData.callStatic(Unknown Source)
	at Create a sweep for the DDA account for sweep type CD code missing.run(Create a sweep for the DDA account for sweep type CD code missing:18)
	at com.kms.katalon.core.main.ScriptEngine.run(ScriptEngine.java:194)
	at com.kms.katalon.core.main.ScriptEngine.runScriptAsRawText(ScriptEngine.java:119)
	at com.kms.katalon.core.main.TestCaseExecutor.runScript(TestCaseExecutor.java:328)
	at com.kms.katalon.core.main.TestCaseExecutor.doExecute(TestCaseExecutor.java:319)
	at com.kms.katalon.core.main.TestCaseExecutor.processExecutionPhase(TestCaseExecutor.java:298)
	at com.kms.katalon.core.main.TestCaseExecutor.accessMainPhase(TestCaseExecutor.java:290)
	at com.kms.katalon.core.main.TestCaseExecutor.execute(TestCaseExecutor.java:224)
	at com.kms.katalon.core.main.TestSuiteExecutor.accessTestCaseMainPhase(TestSuiteExecutor.java:129)
	at com.kms.katalon.core.main.TestSuiteExecutor.accessTestSuiteMainPhase(TestSuiteExecutor.java:112)
	at com.kms.katalon.core.main.TestSuiteExecutor.execute(TestSuiteExecutor.java:81)
	at com.kms.katalon.core.main.TestCaseMain.startTestSuite(TestCaseMain.java:149)
	at com.kms.katalon.core.main.TestCaseMain$startTestSuite$0.call(Unknown Source)
	at TempTestSuite1574836313732.run(TempTestSuite1574836313732.groovy:36)


2019-11-27 12:02:04 - [MESSAGE][ERROR] - testdatapath = findTestData("Z-Connect Test Data/Create Sweep_TestData") FAILED.
Reason:
java.lang.IllegalArgumentException: Cannot find test data with id 'Data Files/Z-Connect Test Data/Create Sweep_TestData' because (of) 'java.io.FileNotFoundException: C:\Users\khaja.h\Katalon Studio\Z_Connect_Projects\Data Files\Excel Files\Z_Connect_Projects.xlsx'
	at com.kms.katalon.core.testdata.TestDataFactory.findTestData(TestDataFactory.java:122)
	at com.kms.katalon.core.testdata.TestDataFactory$findTestData.callStatic(Unknown Source)
	at Create a sweep for the DDA account for sweep type CD code missing.run(Create a sweep for the DDA account for sweep type CD code missing:18)
	at com.kms.katalon.core.main.ScriptEngine.run(ScriptEngine.java:194)
	at com.kms.katalon.core.main.ScriptEngine.runScriptAsRawText(ScriptEngine.java:119)
	at com.kms.katalon.core.main.TestCaseExecutor.runScript(TestCaseExecutor.java:328)
	at com.kms.katalon.core.main.TestCaseExecutor.doExecute(TestCaseExecutor.java:319)
	at com.kms.katalon.core.main.TestCaseExecutor.processExecutionPhase(TestCaseExecutor.java:298)
	at com.kms.katalon.core.main.TestCaseExecutor.accessMainPhase(TestCaseExecutor.java:290)
	at com.kms.katalon.core.main.TestCaseExecutor.execute(TestCaseExecutor.java:224)
	at com.kms.katalon.core.main.TestSuiteExecutor.accessTestCaseMainPhase(TestSuiteExecutor.java:129)
	at com.kms.katalon.core.main.TestSuiteExecutor.accessTestSuiteMainPhase(TestSuiteExecutor.java:112)
	at com.kms.katalon.core.main.TestSuiteExecutor.execute(TestSuiteExecutor.java:81)
	at com.kms.katalon.core.main.TestCaseMain.startTestSuite(TestCaseMain.java:149)
	at com.kms.katalon.core.main.TestCaseMain$startTestSuite$0.call(Unknown Source)
	at TempTestSuite1574836313732.run(TempTestSuite1574836313732.groovy:36)]]></system-out>
         <system-err><![CDATA[2019-11-27 12:02:03 - [TEST_CASE][ERROR] - Test Cases/Create Sweep/Create a sweep for the DDA account for sweep type CD code missing: Test Cases/Create Sweep/Create a sweep for the DDA account for sweep type CD code missing FAILED.
Reason:
java.lang.IllegalArgumentException: Cannot find test data with id 'Data Files/Z-Connect Test Data/Create Sweep_TestData' because (of) 'java.io.FileNotFoundException: C:\Users\khaja.h\Katalon Studio\Z_Connect_Projects\Data Files\Excel Files\Z_Connect_Projects.xlsx'
	at com.kms.katalon.core.testdata.TestDataFactory.findTestData(TestDataFactory.java:122)
	at com.kms.katalon.core.testdata.TestDataFactory$findTestData.callStatic(Unknown Source)
	at Create a sweep for the DDA account for sweep type CD code missing.run(Create a sweep for the DDA account for sweep type CD code missing:18)
	at com.kms.katalon.core.main.ScriptEngine.run(ScriptEngine.java:194)
	at com.kms.katalon.core.main.ScriptEngine.runScriptAsRawText(ScriptEngine.java:119)
	at com.kms.katalon.core.main.TestCaseExecutor.runScript(TestCaseExecutor.java:328)
	at com.kms.katalon.core.main.TestCaseExecutor.doExecute(TestCaseExecutor.java:319)
	at com.kms.katalon.core.main.TestCaseExecutor.processExecutionPhase(TestCaseExecutor.java:298)
	at com.kms.katalon.core.main.TestCaseExecutor.accessMainPhase(TestCaseExecutor.java:290)
	at com.kms.katalon.core.main.TestCaseExecutor.execute(TestCaseExecutor.java:224)
	at com.kms.katalon.core.main.TestSuiteExecutor.accessTestCaseMainPhase(TestSuiteExecutor.java:129)
	at com.kms.katalon.core.main.TestSuiteExecutor.accessTestSuiteMainPhase(TestSuiteExecutor.java:112)
	at com.kms.katalon.core.main.TestSuiteExecutor.execute(TestSuiteExecutor.java:81)
	at com.kms.katalon.core.main.TestCaseMain.startTestSuite(TestCaseMain.java:149)
	at com.kms.katalon.core.main.TestCaseMain$startTestSuite$0.call(Unknown Source)
	at TempTestSuite1574836313732.run(TempTestSuite1574836313732.groovy:36)]]></system-err>
      </testcase>
      <testcase name="Test Cases/Create Sweep/Create a sweep for the DDA account for sweep type OD" classname="Test Cases/Create Sweep/Create a sweep for the DDA account for sweep type OD" status="ERROR">
         <error type="ERROR" message="Test Cases/Create Sweep/Create a sweep for the DDA account for sweep type OD FAILED.
Reason:
java.lang.IllegalArgumentException: Cannot find test data with id 'Data Files/Z-Connect Test Data/Create Sweep_TestData' because (of) 'java.io.FileNotFoundException: C:\Users\khaja.h\Katalon Studio\Z_Connect_Projects\Data Files\Excel Files\Z_Connect_Projects.xlsx'
	at com.kms.katalon.core.testdata.TestDataFactory.findTestData(TestDataFactory.java:122)
	at com.kms.katalon.core.testdata.TestDataFactory$findTestData.callStatic(Unknown Source)
	at Create a sweep for the DDA account for sweep type OD.run(Create a sweep for the DDA account for sweep type OD:18)
	at com.kms.katalon.core.main.ScriptEngine.run(ScriptEngine.java:194)
	at com.kms.katalon.core.main.ScriptEngine.runScriptAsRawText(ScriptEngine.java:119)
	at com.kms.katalon.core.main.TestCaseExecutor.runScript(TestCaseExecutor.java:328)
	at com.kms.katalon.core.main.TestCaseExecutor.doExecute(TestCaseExecutor.java:319)
	at com.kms.katalon.core.main.TestCaseExecutor.processExecutionPhase(TestCaseExecutor.java:298)
	at com.kms.katalon.core.main.TestCaseExecutor.accessMainPhase(TestCaseExecutor.java:290)
	at com.kms.katalon.core.main.TestCaseExecutor.execute(TestCaseExecutor.java:224)
	at com.kms.katalon.core.main.TestSuiteExecutor.accessTestCaseMainPhase(TestSuiteExecutor.java:129)
	at com.kms.katalon.core.main.TestSuiteExecutor.accessTestSuiteMainPhase(TestSuiteExecutor.java:112)
	at com.kms.katalon.core.main.TestSuiteExecutor.execute(TestSuiteExecutor.java:81)
	at com.kms.katalon.core.main.TestCaseMain.startTestSuite(TestCaseMain.java:149)
	at com.kms.katalon.core.main.TestCaseMain$startTestSuite$0.call(Unknown Source)
	at TempTestSuite1574836313732.run(TempTestSuite1574836313732.groovy:36)
"/>
         <system-out><![CDATA[2019-11-27 12:02:04 - [TEST_CASE][ERROR] - Test Cases/Create Sweep/Create a sweep for the DDA account for sweep type OD: Test Cases/Create Sweep/Create a sweep for the DDA account for sweep type OD FAILED.
Reason:
java.lang.IllegalArgumentException: Cannot find test data with id 'Data Files/Z-Connect Test Data/Create Sweep_TestData' because (of) 'java.io.FileNotFoundException: C:\Users\khaja.h\Katalon Studio\Z_Connect_Projects\Data Files\Excel Files\Z_Connect_Projects.xlsx'
	at com.kms.katalon.core.testdata.TestDataFactory.findTestData(TestDataFactory.java:122)
	at com.kms.katalon.core.testdata.TestDataFactory$findTestData.callStatic(Unknown Source)
	at Create a sweep for the DDA account for sweep type OD.run(Create a sweep for the DDA account for sweep type OD:18)
	at com.kms.katalon.core.main.ScriptEngine.run(ScriptEngine.java:194)
	at com.kms.katalon.core.main.ScriptEngine.runScriptAsRawText(ScriptEngine.java:119)
	at com.kms.katalon.core.main.TestCaseExecutor.runScript(TestCaseExecutor.java:328)
	at com.kms.katalon.core.main.TestCaseExecutor.doExecute(TestCaseExecutor.java:319)
	at com.kms.katalon.core.main.TestCaseExecutor.processExecutionPhase(TestCaseExecutor.java:298)
	at com.kms.katalon.core.main.TestCaseExecutor.accessMainPhase(TestCaseExecutor.java:290)
	at com.kms.katalon.core.main.TestCaseExecutor.execute(TestCaseExecutor.java:224)
	at com.kms.katalon.core.main.TestSuiteExecutor.accessTestCaseMainPhase(TestSuiteExecutor.java:129)
	at com.kms.katalon.core.main.TestSuiteExecutor.accessTestSuiteMainPhase(TestSuiteExecutor.java:112)
	at com.kms.katalon.core.main.TestSuiteExecutor.execute(TestSuiteExecutor.java:81)
	at com.kms.katalon.core.main.TestCaseMain.startTestSuite(TestCaseMain.java:149)
	at com.kms.katalon.core.main.TestCaseMain$startTestSuite$0.call(Unknown Source)
	at TempTestSuite1574836313732.run(TempTestSuite1574836313732.groovy:36)


2019-11-27 12:02:05 - [TEST_STEP][PASSED] - str = "createSweepServiceOperationResponse.RESPONSE.Output.xStatus.": null

2019-11-27 12:02:05 - [TEST_STEP][ERROR] - testdatapath = findTestData("Z-Connect Test Data/Create Sweep_TestData"): testdatapath = findTestData("Z-Connect Test Data/Create Sweep_TestData") FAILED.
Reason:
java.lang.IllegalArgumentException: Cannot find test data with id 'Data Files/Z-Connect Test Data/Create Sweep_TestData' because (of) 'java.io.FileNotFoundException: C:\Users\khaja.h\Katalon Studio\Z_Connect_Projects\Data Files\Excel Files\Z_Connect_Projects.xlsx'
	at com.kms.katalon.core.testdata.TestDataFactory.findTestData(TestDataFactory.java:122)
	at com.kms.katalon.core.testdata.TestDataFactory$findTestData.callStatic(Unknown Source)
	at Create a sweep for the DDA account for sweep type OD.run(Create a sweep for the DDA account for sweep type OD:18)
	at com.kms.katalon.core.main.ScriptEngine.run(ScriptEngine.java:194)
	at com.kms.katalon.core.main.ScriptEngine.runScriptAsRawText(ScriptEngine.java:119)
	at com.kms.katalon.core.main.TestCaseExecutor.runScript(TestCaseExecutor.java:328)
	at com.kms.katalon.core.main.TestCaseExecutor.doExecute(TestCaseExecutor.java:319)
	at com.kms.katalon.core.main.TestCaseExecutor.processExecutionPhase(TestCaseExecutor.java:298)
	at com.kms.katalon.core.main.TestCaseExecutor.accessMainPhase(TestCaseExecutor.java:290)
	at com.kms.katalon.core.main.TestCaseExecutor.execute(TestCaseExecutor.java:224)
	at com.kms.katalon.core.main.TestSuiteExecutor.accessTestCaseMainPhase(TestSuiteExecutor.java:129)
	at com.kms.katalon.core.main.TestSuiteExecutor.accessTestSuiteMainPhase(TestSuiteExecutor.java:112)
	at com.kms.katalon.core.main.TestSuiteExecutor.execute(TestSuiteExecutor.java:81)
	at com.kms.katalon.core.main.TestCaseMain.startTestSuite(TestCaseMain.java:149)
	at com.kms.katalon.core.main.TestCaseMain$startTestSuite$0.call(Unknown Source)
	at TempTestSuite1574836313732.run(TempTestSuite1574836313732.groovy:36)


2019-11-27 12:02:05 - [MESSAGE][ERROR] - testdatapath = findTestData("Z-Connect Test Data/Create Sweep_TestData") FAILED.
Reason:
java.lang.IllegalArgumentException: Cannot find test data with id 'Data Files/Z-Connect Test Data/Create Sweep_TestData' because (of) 'java.io.FileNotFoundException: C:\Users\khaja.h\Katalon Studio\Z_Connect_Projects\Data Files\Excel Files\Z_Connect_Projects.xlsx'
	at com.kms.katalon.core.testdata.TestDataFactory.findTestData(TestDataFactory.java:122)
	at com.kms.katalon.core.testdata.TestDataFactory$findTestData.callStatic(Unknown Source)
	at Create a sweep for the DDA account for sweep type OD.run(Create a sweep for the DDA account for sweep type OD:18)
	at com.kms.katalon.core.main.ScriptEngine.run(ScriptEngine.java:194)
	at com.kms.katalon.core.main.ScriptEngine.runScriptAsRawText(ScriptEngine.java:119)
	at com.kms.katalon.core.main.TestCaseExecutor.runScript(TestCaseExecutor.java:328)
	at com.kms.katalon.core.main.TestCaseExecutor.doExecute(TestCaseExecutor.java:319)
	at com.kms.katalon.core.main.TestCaseExecutor.processExecutionPhase(TestCaseExecutor.java:298)
	at com.kms.katalon.core.main.TestCaseExecutor.accessMainPhase(TestCaseExecutor.java:290)
	at com.kms.katalon.core.main.TestCaseExecutor.execute(TestCaseExecutor.java:224)
	at com.kms.katalon.core.main.TestSuiteExecutor.accessTestCaseMainPhase(TestSuiteExecutor.java:129)
	at com.kms.katalon.core.main.TestSuiteExecutor.accessTestSuiteMainPhase(TestSuiteExecutor.java:112)
	at com.kms.katalon.core.main.TestSuiteExecutor.execute(TestSuiteExecutor.java:81)
	at com.kms.katalon.core.main.TestCaseMain.startTestSuite(TestCaseMain.java:149)
	at com.kms.katalon.core.main.TestCaseMain$startTestSuite$0.call(Unknown Source)
	at TempTestSuite1574836313732.run(TempTestSuite1574836313732.groovy:36)]]></system-out>
         <system-err><![CDATA[2019-11-27 12:02:04 - [TEST_CASE][ERROR] - Test Cases/Create Sweep/Create a sweep for the DDA account for sweep type OD: Test Cases/Create Sweep/Create a sweep for the DDA account for sweep type OD FAILED.
Reason:
java.lang.IllegalArgumentException: Cannot find test data with id 'Data Files/Z-Connect Test Data/Create Sweep_TestData' because (of) 'java.io.FileNotFoundException: C:\Users\khaja.h\Katalon Studio\Z_Connect_Projects\Data Files\Excel Files\Z_Connect_Projects.xlsx'
	at com.kms.katalon.core.testdata.TestDataFactory.findTestData(TestDataFactory.java:122)
	at com.kms.katalon.core.testdata.TestDataFactory$findTestData.callStatic(Unknown Source)
	at Create a sweep for the DDA account for sweep type OD.run(Create a sweep for the DDA account for sweep type OD:18)
	at com.kms.katalon.core.main.ScriptEngine.run(ScriptEngine.java:194)
	at com.kms.katalon.core.main.ScriptEngine.runScriptAsRawText(ScriptEngine.java:119)
	at com.kms.katalon.core.main.TestCaseExecutor.runScript(TestCaseExecutor.java:328)
	at com.kms.katalon.core.main.TestCaseExecutor.doExecute(TestCaseExecutor.java:319)
	at com.kms.katalon.core.main.TestCaseExecutor.processExecutionPhase(TestCaseExecutor.java:298)
	at com.kms.katalon.core.main.TestCaseExecutor.accessMainPhase(TestCaseExecutor.java:290)
	at com.kms.katalon.core.main.TestCaseExecutor.execute(TestCaseExecutor.java:224)
	at com.kms.katalon.core.main.TestSuiteExecutor.accessTestCaseMainPhase(TestSuiteExecutor.java:129)
	at com.kms.katalon.core.main.TestSuiteExecutor.accessTestSuiteMainPhase(TestSuiteExecutor.java:112)
	at com.kms.katalon.core.main.TestSuiteExecutor.execute(TestSuiteExecutor.java:81)
	at com.kms.katalon.core.main.TestCaseMain.startTestSuite(TestCaseMain.java:149)
	at com.kms.katalon.core.main.TestCaseMain$startTestSuite$0.call(Unknown Source)
	at TempTestSuite1574836313732.run(TempTestSuite1574836313732.groovy:36)]]></system-err>
      </testcase>
      <testcase name="Test Cases/Create Sweep/Create a sweep for the DDA account for sweep type TB" classname="Test Cases/Create Sweep/Create a sweep for the DDA account for sweep type TB" status="ERROR">
         <error type="ERROR" message="Test Cases/Create Sweep/Create a sweep for the DDA account for sweep type TB FAILED.
Reason:
java.lang.IllegalArgumentException: Cannot find test data with id 'Data Files/Z-Connect Test Data/Create Sweep_TestData' because (of) 'java.io.FileNotFoundException: C:\Users\khaja.h\Katalon Studio\Z_Connect_Projects\Data Files\Excel Files\Z_Connect_Projects.xlsx'
	at com.kms.katalon.core.testdata.TestDataFactory.findTestData(TestDataFactory.java:122)
	at com.kms.katalon.core.testdata.TestDataFactory$findTestData.callStatic(Unknown Source)
	at Create a sweep for the DDA account for sweep type TB.run(Create a sweep for the DDA account for sweep type TB:18)
	at com.kms.katalon.core.main.ScriptEngine.run(ScriptEngine.java:194)
	at com.kms.katalon.core.main.ScriptEngine.runScriptAsRawText(ScriptEngine.java:119)
	at com.kms.katalon.core.main.TestCaseExecutor.runScript(TestCaseExecutor.java:328)
	at com.kms.katalon.core.main.TestCaseExecutor.doExecute(TestCaseExecutor.java:319)
	at com.kms.katalon.core.main.TestCaseExecutor.processExecutionPhase(TestCaseExecutor.java:298)
	at com.kms.katalon.core.main.TestCaseExecutor.accessMainPhase(TestCaseExecutor.java:290)
	at com.kms.katalon.core.main.TestCaseExecutor.execute(TestCaseExecutor.java:224)
	at com.kms.katalon.core.main.TestSuiteExecutor.accessTestCaseMainPhase(TestSuiteExecutor.java:129)
	at com.kms.katalon.core.main.TestSuiteExecutor.accessTestSuiteMainPhase(TestSuiteExecutor.java:112)
	at com.kms.katalon.core.main.TestSuiteExecutor.execute(TestSuiteExecutor.java:81)
	at com.kms.katalon.core.main.TestCaseMain.startTestSuite(TestCaseMain.java:149)
	at com.kms.katalon.core.main.TestCaseMain$startTestSuite$0.call(Unknown Source)
	at TempTestSuite1574836313732.run(TempTestSuite1574836313732.groovy:36)
"/>
         <system-out><![CDATA[2019-11-27 12:02:05 - [TEST_CASE][ERROR] - Test Cases/Create Sweep/Create a sweep for the DDA account for sweep type TB: Test Cases/Create Sweep/Create a sweep for the DDA account for sweep type TB FAILED.
Reason:
java.lang.IllegalArgumentException: Cannot find test data with id 'Data Files/Z-Connect Test Data/Create Sweep_TestData' because (of) 'java.io.FileNotFoundException: C:\Users\khaja.h\Katalon Studio\Z_Connect_Projects\Data Files\Excel Files\Z_Connect_Projects.xlsx'
	at com.kms.katalon.core.testdata.TestDataFactory.findTestData(TestDataFactory.java:122)
	at com.kms.katalon.core.testdata.TestDataFactory$findTestData.callStatic(Unknown Source)
	at Create a sweep for the DDA account for sweep type TB.run(Create a sweep for the DDA account for sweep type TB:18)
	at com.kms.katalon.core.main.ScriptEngine.run(ScriptEngine.java:194)
	at com.kms.katalon.core.main.ScriptEngine.runScriptAsRawText(ScriptEngine.java:119)
	at com.kms.katalon.core.main.TestCaseExecutor.runScript(TestCaseExecutor.java:328)
	at com.kms.katalon.core.main.TestCaseExecutor.doExecute(TestCaseExecutor.java:319)
	at com.kms.katalon.core.main.TestCaseExecutor.processExecutionPhase(TestCaseExecutor.java:298)
	at com.kms.katalon.core.main.TestCaseExecutor.accessMainPhase(TestCaseExecutor.java:290)
	at com.kms.katalon.core.main.TestCaseExecutor.execute(TestCaseExecutor.java:224)
	at com.kms.katalon.core.main.TestSuiteExecutor.accessTestCaseMainPhase(TestSuiteExecutor.java:129)
	at com.kms.katalon.core.main.TestSuiteExecutor.accessTestSuiteMainPhase(TestSuiteExecutor.java:112)
	at com.kms.katalon.core.main.TestSuiteExecutor.execute(TestSuiteExecutor.java:81)
	at com.kms.katalon.core.main.TestCaseMain.startTestSuite(TestCaseMain.java:149)
	at com.kms.katalon.core.main.TestCaseMain$startTestSuite$0.call(Unknown Source)
	at TempTestSuite1574836313732.run(TempTestSuite1574836313732.groovy:36)


2019-11-27 12:02:06 - [TEST_STEP][PASSED] - str = "createSweepServiceOperationResponse.RESPONSE.Output.xStatus.": null

2019-11-27 12:02:06 - [TEST_STEP][ERROR] - testdatapath = findTestData("Z-Connect Test Data/Create Sweep_TestData"): testdatapath = findTestData("Z-Connect Test Data/Create Sweep_TestData") FAILED.
Reason:
java.lang.IllegalArgumentException: Cannot find test data with id 'Data Files/Z-Connect Test Data/Create Sweep_TestData' because (of) 'java.io.FileNotFoundException: C:\Users\khaja.h\Katalon Studio\Z_Connect_Projects\Data Files\Excel Files\Z_Connect_Projects.xlsx'
	at com.kms.katalon.core.testdata.TestDataFactory.findTestData(TestDataFactory.java:122)
	at com.kms.katalon.core.testdata.TestDataFactory$findTestData.callStatic(Unknown Source)
	at Create a sweep for the DDA account for sweep type TB.run(Create a sweep for the DDA account for sweep type TB:18)
	at com.kms.katalon.core.main.ScriptEngine.run(ScriptEngine.java:194)
	at com.kms.katalon.core.main.ScriptEngine.runScriptAsRawText(ScriptEngine.java:119)
	at com.kms.katalon.core.main.TestCaseExecutor.runScript(TestCaseExecutor.java:328)
	at com.kms.katalon.core.main.TestCaseExecutor.doExecute(TestCaseExecutor.java:319)
	at com.kms.katalon.core.main.TestCaseExecutor.processExecutionPhase(TestCaseExecutor.java:298)
	at com.kms.katalon.core.main.TestCaseExecutor.accessMainPhase(TestCaseExecutor.java:290)
	at com.kms.katalon.core.main.TestCaseExecutor.execute(TestCaseExecutor.java:224)
	at com.kms.katalon.core.main.TestSuiteExecutor.accessTestCaseMainPhase(TestSuiteExecutor.java:129)
	at com.kms.katalon.core.main.TestSuiteExecutor.accessTestSuiteMainPhase(TestSuiteExecutor.java:112)
	at com.kms.katalon.core.main.TestSuiteExecutor.execute(TestSuiteExecutor.java:81)
	at com.kms.katalon.core.main.TestCaseMain.startTestSuite(TestCaseMain.java:149)
	at com.kms.katalon.core.main.TestCaseMain$startTestSuite$0.call(Unknown Source)
	at TempTestSuite1574836313732.run(TempTestSuite1574836313732.groovy:36)


2019-11-27 12:02:06 - [MESSAGE][ERROR] - testdatapath = findTestData("Z-Connect Test Data/Create Sweep_TestData") FAILED.
Reason:
java.lang.IllegalArgumentException: Cannot find test data with id 'Data Files/Z-Connect Test Data/Create Sweep_TestData' because (of) 'java.io.FileNotFoundException: C:\Users\khaja.h\Katalon Studio\Z_Connect_Projects\Data Files\Excel Files\Z_Connect_Projects.xlsx'
	at com.kms.katalon.core.testdata.TestDataFactory.findTestData(TestDataFactory.java:122)
	at com.kms.katalon.core.testdata.TestDataFactory$findTestData.callStatic(Unknown Source)
	at Create a sweep for the DDA account for sweep type TB.run(Create a sweep for the DDA account for sweep type TB:18)
	at com.kms.katalon.core.main.ScriptEngine.run(ScriptEngine.java:194)
	at com.kms.katalon.core.main.ScriptEngine.runScriptAsRawText(ScriptEngine.java:119)
	at com.kms.katalon.core.main.TestCaseExecutor.runScript(TestCaseExecutor.java:328)
	at com.kms.katalon.core.main.TestCaseExecutor.doExecute(TestCaseExecutor.java:319)
	at com.kms.katalon.core.main.TestCaseExecutor.processExecutionPhase(TestCaseExecutor.java:298)
	at com.kms.katalon.core.main.TestCaseExecutor.accessMainPhase(TestCaseExecutor.java:290)
	at com.kms.katalon.core.main.TestCaseExecutor.execute(TestCaseExecutor.java:224)
	at com.kms.katalon.core.main.TestSuiteExecutor.accessTestCaseMainPhase(TestSuiteExecutor.java:129)
	at com.kms.katalon.core.main.TestSuiteExecutor.accessTestSuiteMainPhase(TestSuiteExecutor.java:112)
	at com.kms.katalon.core.main.TestSuiteExecutor.execute(TestSuiteExecutor.java:81)
	at com.kms.katalon.core.main.TestCaseMain.startTestSuite(TestCaseMain.java:149)
	at com.kms.katalon.core.main.TestCaseMain$startTestSuite$0.call(Unknown Source)
	at TempTestSuite1574836313732.run(TempTestSuite1574836313732.groovy:36)]]></system-out>
         <system-err><![CDATA[2019-11-27 12:02:05 - [TEST_CASE][ERROR] - Test Cases/Create Sweep/Create a sweep for the DDA account for sweep type TB: Test Cases/Create Sweep/Create a sweep for the DDA account for sweep type TB FAILED.
Reason:
java.lang.IllegalArgumentException: Cannot find test data with id 'Data Files/Z-Connect Test Data/Create Sweep_TestData' because (of) 'java.io.FileNotFoundException: C:\Users\khaja.h\Katalon Studio\Z_Connect_Projects\Data Files\Excel Files\Z_Connect_Projects.xlsx'
	at com.kms.katalon.core.testdata.TestDataFactory.findTestData(TestDataFactory.java:122)
	at com.kms.katalon.core.testdata.TestDataFactory$findTestData.callStatic(Unknown Source)
	at Create a sweep for the DDA account for sweep type TB.run(Create a sweep for the DDA account for sweep type TB:18)
	at com.kms.katalon.core.main.ScriptEngine.run(ScriptEngine.java:194)
	at com.kms.katalon.core.main.ScriptEngine.runScriptAsRawText(ScriptEngine.java:119)
	at com.kms.katalon.core.main.TestCaseExecutor.runScript(TestCaseExecutor.java:328)
	at com.kms.katalon.core.main.TestCaseExecutor.doExecute(TestCaseExecutor.java:319)
	at com.kms.katalon.core.main.TestCaseExecutor.processExecutionPhase(TestCaseExecutor.java:298)
	at com.kms.katalon.core.main.TestCaseExecutor.accessMainPhase(TestCaseExecutor.java:290)
	at com.kms.katalon.core.main.TestCaseExecutor.execute(TestCaseExecutor.java:224)
	at com.kms.katalon.core.main.TestSuiteExecutor.accessTestCaseMainPhase(TestSuiteExecutor.java:129)
	at com.kms.katalon.core.main.TestSuiteExecutor.accessTestSuiteMainPhase(TestSuiteExecutor.java:112)
	at com.kms.katalon.core.main.TestSuiteExecutor.execute(TestSuiteExecutor.java:81)
	at com.kms.katalon.core.main.TestCaseMain.startTestSuite(TestCaseMain.java:149)
	at com.kms.katalon.core.main.TestCaseMain$startTestSuite$0.call(Unknown Source)
	at TempTestSuite1574836313732.run(TempTestSuite1574836313732.groovy:36)]]></system-err>
      </testcase>
      <testcase name="Test Cases/Create Sweep/Create a sweep for the DDA account for sweep type TC" classname="Test Cases/Create Sweep/Create a sweep for the DDA account for sweep type TC" status="ERROR">
         <error type="ERROR" message="Test Cases/Create Sweep/Create a sweep for the DDA account for sweep type TC FAILED.
Reason:
java.lang.IllegalArgumentException: Cannot find test data with id 'Data Files/Z-Connect Test Data/Create Sweep_TestData' because (of) 'java.io.FileNotFoundException: C:\Users\khaja.h\Katalon Studio\Z_Connect_Projects\Data Files\Excel Files\Z_Connect_Projects.xlsx'
	at com.kms.katalon.core.testdata.TestDataFactory.findTestData(TestDataFactory.java:122)
	at com.kms.katalon.core.testdata.TestDataFactory$findTestData.callStatic(Unknown Source)
	at Create a sweep for the DDA account for sweep type TC.run(Create a sweep for the DDA account for sweep type TC:18)
	at com.kms.katalon.core.main.ScriptEngine.run(ScriptEngine.java:194)
	at com.kms.katalon.core.main.ScriptEngine.runScriptAsRawText(ScriptEngine.java:119)
	at com.kms.katalon.core.main.TestCaseExecutor.runScript(TestCaseExecutor.java:328)
	at com.kms.katalon.core.main.TestCaseExecutor.doExecute(TestCaseExecutor.java:319)
	at com.kms.katalon.core.main.TestCaseExecutor.processExecutionPhase(TestCaseExecutor.java:298)
	at com.kms.katalon.core.main.TestCaseExecutor.accessMainPhase(TestCaseExecutor.java:290)
	at com.kms.katalon.core.main.TestCaseExecutor.execute(TestCaseExecutor.java:224)
	at com.kms.katalon.core.main.TestSuiteExecutor.accessTestCaseMainPhase(TestSuiteExecutor.java:129)
	at com.kms.katalon.core.main.TestSuiteExecutor.accessTestSuiteMainPhase(TestSuiteExecutor.java:112)
	at com.kms.katalon.core.main.TestSuiteExecutor.execute(TestSuiteExecutor.java:81)
	at com.kms.katalon.core.main.TestCaseMain.startTestSuite(TestCaseMain.java:149)
	at com.kms.katalon.core.main.TestCaseMain$startTestSuite$0.call(Unknown Source)
	at TempTestSuite1574836313732.run(TempTestSuite1574836313732.groovy:36)
"/>
         <system-out><![CDATA[2019-11-27 12:02:06 - [TEST_CASE][ERROR] - Test Cases/Create Sweep/Create a sweep for the DDA account for sweep type TC: Test Cases/Create Sweep/Create a sweep for the DDA account for sweep type TC FAILED.
Reason:
java.lang.IllegalArgumentException: Cannot find test data with id 'Data Files/Z-Connect Test Data/Create Sweep_TestData' because (of) 'java.io.FileNotFoundException: C:\Users\khaja.h\Katalon Studio\Z_Connect_Projects\Data Files\Excel Files\Z_Connect_Projects.xlsx'
	at com.kms.katalon.core.testdata.TestDataFactory.findTestData(TestDataFactory.java:122)
	at com.kms.katalon.core.testdata.TestDataFactory$findTestData.callStatic(Unknown Source)
	at Create a sweep for the DDA account for sweep type TC.run(Create a sweep for the DDA account for sweep type TC:18)
	at com.kms.katalon.core.main.ScriptEngine.run(ScriptEngine.java:194)
	at com.kms.katalon.core.main.ScriptEngine.runScriptAsRawText(ScriptEngine.java:119)
	at com.kms.katalon.core.main.TestCaseExecutor.runScript(TestCaseExecutor.java:328)
	at com.kms.katalon.core.main.TestCaseExecutor.doExecute(TestCaseExecutor.java:319)
	at com.kms.katalon.core.main.TestCaseExecutor.processExecutionPhase(TestCaseExecutor.java:298)
	at com.kms.katalon.core.main.TestCaseExecutor.accessMainPhase(TestCaseExecutor.java:290)
	at com.kms.katalon.core.main.TestCaseExecutor.execute(TestCaseExecutor.java:224)
	at com.kms.katalon.core.main.TestSuiteExecutor.accessTestCaseMainPhase(TestSuiteExecutor.java:129)
	at com.kms.katalon.core.main.TestSuiteExecutor.accessTestSuiteMainPhase(TestSuiteExecutor.java:112)
	at com.kms.katalon.core.main.TestSuiteExecutor.execute(TestSuiteExecutor.java:81)
	at com.kms.katalon.core.main.TestCaseMain.startTestSuite(TestCaseMain.java:149)
	at com.kms.katalon.core.main.TestCaseMain$startTestSuite$0.call(Unknown Source)
	at TempTestSuite1574836313732.run(TempTestSuite1574836313732.groovy:36)


2019-11-27 12:02:07 - [TEST_STEP][PASSED] - str = "createSweepServiceOperationResponse.RESPONSE.Output.xStatus.": null

2019-11-27 12:02:07 - [TEST_STEP][ERROR] - testdatapath = findTestData("Z-Connect Test Data/Create Sweep_TestData"): testdatapath = findTestData("Z-Connect Test Data/Create Sweep_TestData") FAILED.
Reason:
java.lang.IllegalArgumentException: Cannot find test data with id 'Data Files/Z-Connect Test Data/Create Sweep_TestData' because (of) 'java.io.FileNotFoundException: C:\Users\khaja.h\Katalon Studio\Z_Connect_Projects\Data Files\Excel Files\Z_Connect_Projects.xlsx'
	at com.kms.katalon.core.testdata.TestDataFactory.findTestData(TestDataFactory.java:122)
	at com.kms.katalon.core.testdata.TestDataFactory$findTestData.callStatic(Unknown Source)
	at Create a sweep for the DDA account for sweep type TC.run(Create a sweep for the DDA account for sweep type TC:18)
	at com.kms.katalon.core.main.ScriptEngine.run(ScriptEngine.java:194)
	at com.kms.katalon.core.main.ScriptEngine.runScriptAsRawText(ScriptEngine.java:119)
	at com.kms.katalon.core.main.TestCaseExecutor.runScript(TestCaseExecutor.java:328)
	at com.kms.katalon.core.main.TestCaseExecutor.doExecute(TestCaseExecutor.java:319)
	at com.kms.katalon.core.main.TestCaseExecutor.processExecutionPhase(TestCaseExecutor.java:298)
	at com.kms.katalon.core.main.TestCaseExecutor.accessMainPhase(TestCaseExecutor.java:290)
	at com.kms.katalon.core.main.TestCaseExecutor.execute(TestCaseExecutor.java:224)
	at com.kms.katalon.core.main.TestSuiteExecutor.accessTestCaseMainPhase(TestSuiteExecutor.java:129)
	at com.kms.katalon.core.main.TestSuiteExecutor.accessTestSuiteMainPhase(TestSuiteExecutor.java:112)
	at com.kms.katalon.core.main.TestSuiteExecutor.execute(TestSuiteExecutor.java:81)
	at com.kms.katalon.core.main.TestCaseMain.startTestSuite(TestCaseMain.java:149)
	at com.kms.katalon.core.main.TestCaseMain$startTestSuite$0.call(Unknown Source)
	at TempTestSuite1574836313732.run(TempTestSuite1574836313732.groovy:36)


2019-11-27 12:02:07 - [MESSAGE][ERROR] - testdatapath = findTestData("Z-Connect Test Data/Create Sweep_TestData") FAILED.
Reason:
java.lang.IllegalArgumentException: Cannot find test data with id 'Data Files/Z-Connect Test Data/Create Sweep_TestData' because (of) 'java.io.FileNotFoundException: C:\Users\khaja.h\Katalon Studio\Z_Connect_Projects\Data Files\Excel Files\Z_Connect_Projects.xlsx'
	at com.kms.katalon.core.testdata.TestDataFactory.findTestData(TestDataFactory.java:122)
	at com.kms.katalon.core.testdata.TestDataFactory$findTestData.callStatic(Unknown Source)
	at Create a sweep for the DDA account for sweep type TC.run(Create a sweep for the DDA account for sweep type TC:18)
	at com.kms.katalon.core.main.ScriptEngine.run(ScriptEngine.java:194)
	at com.kms.katalon.core.main.ScriptEngine.runScriptAsRawText(ScriptEngine.java:119)
	at com.kms.katalon.core.main.TestCaseExecutor.runScript(TestCaseExecutor.java:328)
	at com.kms.katalon.core.main.TestCaseExecutor.doExecute(TestCaseExecutor.java:319)
	at com.kms.katalon.core.main.TestCaseExecutor.processExecutionPhase(TestCaseExecutor.java:298)
	at com.kms.katalon.core.main.TestCaseExecutor.accessMainPhase(TestCaseExecutor.java:290)
	at com.kms.katalon.core.main.TestCaseExecutor.execute(TestCaseExecutor.java:224)
	at com.kms.katalon.core.main.TestSuiteExecutor.accessTestCaseMainPhase(TestSuiteExecutor.java:129)
	at com.kms.katalon.core.main.TestSuiteExecutor.accessTestSuiteMainPhase(TestSuiteExecutor.java:112)
	at com.kms.katalon.core.main.TestSuiteExecutor.execute(TestSuiteExecutor.java:81)
	at com.kms.katalon.core.main.TestCaseMain.startTestSuite(TestCaseMain.java:149)
	at com.kms.katalon.core.main.TestCaseMain$startTestSuite$0.call(Unknown Source)
	at TempTestSuite1574836313732.run(TempTestSuite1574836313732.groovy:36)]]></system-out>
         <system-err><![CDATA[2019-11-27 12:02:06 - [TEST_CASE][ERROR] - Test Cases/Create Sweep/Create a sweep for the DDA account for sweep type TC: Test Cases/Create Sweep/Create a sweep for the DDA account for sweep type TC FAILED.
Reason:
java.lang.IllegalArgumentException: Cannot find test data with id 'Data Files/Z-Connect Test Data/Create Sweep_TestData' because (of) 'java.io.FileNotFoundException: C:\Users\khaja.h\Katalon Studio\Z_Connect_Projects\Data Files\Excel Files\Z_Connect_Projects.xlsx'
	at com.kms.katalon.core.testdata.TestDataFactory.findTestData(TestDataFactory.java:122)
	at com.kms.katalon.core.testdata.TestDataFactory$findTestData.callStatic(Unknown Source)
	at Create a sweep for the DDA account for sweep type TC.run(Create a sweep for the DDA account for sweep type TC:18)
	at com.kms.katalon.core.main.ScriptEngine.run(ScriptEngine.java:194)
	at com.kms.katalon.core.main.ScriptEngine.runScriptAsRawText(ScriptEngine.java:119)
	at com.kms.katalon.core.main.TestCaseExecutor.runScript(TestCaseExecutor.java:328)
	at com.kms.katalon.core.main.TestCaseExecutor.doExecute(TestCaseExecutor.java:319)
	at com.kms.katalon.core.main.TestCaseExecutor.processExecutionPhase(TestCaseExecutor.java:298)
	at com.kms.katalon.core.main.TestCaseExecutor.accessMainPhase(TestCaseExecutor.java:290)
	at com.kms.katalon.core.main.TestCaseExecutor.execute(TestCaseExecutor.java:224)
	at com.kms.katalon.core.main.TestSuiteExecutor.accessTestCaseMainPhase(TestSuiteExecutor.java:129)
	at com.kms.katalon.core.main.TestSuiteExecutor.accessTestSuiteMainPhase(TestSuiteExecutor.java:112)
	at com.kms.katalon.core.main.TestSuiteExecutor.execute(TestSuiteExecutor.java:81)
	at com.kms.katalon.core.main.TestCaseMain.startTestSuite(TestCaseMain.java:149)
	at com.kms.katalon.core.main.TestCaseMain$startTestSuite$0.call(Unknown Source)
	at TempTestSuite1574836313732.run(TempTestSuite1574836313732.groovy:36)]]></system-err>
      </testcase>
      <testcase name="Test Cases/Create Sweep/Create a sweep for the DDA account for sweep type TD" classname="Test Cases/Create Sweep/Create a sweep for the DDA account for sweep type TD" status="ERROR">
         <error type="ERROR" message="Test Cases/Create Sweep/Create a sweep for the DDA account for sweep type TD FAILED.
Reason:
java.lang.IllegalArgumentException: Cannot find test data with id 'Data Files/Z-Connect Test Data/Create Sweep_TestData' because (of) 'java.io.FileNotFoundException: C:\Users\khaja.h\Katalon Studio\Z_Connect_Projects\Data Files\Excel Files\Z_Connect_Projects.xlsx'
	at com.kms.katalon.core.testdata.TestDataFactory.findTestData(TestDataFactory.java:122)
	at com.kms.katalon.core.testdata.TestDataFactory$findTestData.callStatic(Unknown Source)
	at Create a sweep for the DDA account for sweep type TD.run(Create a sweep for the DDA account for sweep type TD:18)
	at com.kms.katalon.core.main.ScriptEngine.run(ScriptEngine.java:194)
	at com.kms.katalon.core.main.ScriptEngine.runScriptAsRawText(ScriptEngine.java:119)
	at com.kms.katalon.core.main.TestCaseExecutor.runScript(TestCaseExecutor.java:328)
	at com.kms.katalon.core.main.TestCaseExecutor.doExecute(TestCaseExecutor.java:319)
	at com.kms.katalon.core.main.TestCaseExecutor.processExecutionPhase(TestCaseExecutor.java:298)
	at com.kms.katalon.core.main.TestCaseExecutor.accessMainPhase(TestCaseExecutor.java:290)
	at com.kms.katalon.core.main.TestCaseExecutor.execute(TestCaseExecutor.java:224)
	at com.kms.katalon.core.main.TestSuiteExecutor.accessTestCaseMainPhase(TestSuiteExecutor.java:129)
	at com.kms.katalon.core.main.TestSuiteExecutor.accessTestSuiteMainPhase(TestSuiteExecutor.java:112)
	at com.kms.katalon.core.main.TestSuiteExecutor.execute(TestSuiteExecutor.java:81)
	at com.kms.katalon.core.main.TestCaseMain.startTestSuite(TestCaseMain.java:149)
	at com.kms.katalon.core.main.TestCaseMain$startTestSuite$0.call(Unknown Source)
	at TempTestSuite1574836313732.run(TempTestSuite1574836313732.groovy:36)
"/>
         <system-out><![CDATA[2019-11-27 12:02:07 - [TEST_CASE][ERROR] - Test Cases/Create Sweep/Create a sweep for the DDA account for sweep type TD: Test Cases/Create Sweep/Create a sweep for the DDA account for sweep type TD FAILED.
Reason:
java.lang.IllegalArgumentException: Cannot find test data with id 'Data Files/Z-Connect Test Data/Create Sweep_TestData' because (of) 'java.io.FileNotFoundException: C:\Users\khaja.h\Katalon Studio\Z_Connect_Projects\Data Files\Excel Files\Z_Connect_Projects.xlsx'
	at com.kms.katalon.core.testdata.TestDataFactory.findTestData(TestDataFactory.java:122)
	at com.kms.katalon.core.testdata.TestDataFactory$findTestData.callStatic(Unknown Source)
	at Create a sweep for the DDA account for sweep type TD.run(Create a sweep for the DDA account for sweep type TD:18)
	at com.kms.katalon.core.main.ScriptEngine.run(ScriptEngine.java:194)
	at com.kms.katalon.core.main.ScriptEngine.runScriptAsRawText(ScriptEngine.java:119)
	at com.kms.katalon.core.main.TestCaseExecutor.runScript(TestCaseExecutor.java:328)
	at com.kms.katalon.core.main.TestCaseExecutor.doExecute(TestCaseExecutor.java:319)
	at com.kms.katalon.core.main.TestCaseExecutor.processExecutionPhase(TestCaseExecutor.java:298)
	at com.kms.katalon.core.main.TestCaseExecutor.accessMainPhase(TestCaseExecutor.java:290)
	at com.kms.katalon.core.main.TestCaseExecutor.execute(TestCaseExecutor.java:224)
	at com.kms.katalon.core.main.TestSuiteExecutor.accessTestCaseMainPhase(TestSuiteExecutor.java:129)
	at com.kms.katalon.core.main.TestSuiteExecutor.accessTestSuiteMainPhase(TestSuiteExecutor.java:112)
	at com.kms.katalon.core.main.TestSuiteExecutor.execute(TestSuiteExecutor.java:81)
	at com.kms.katalon.core.main.TestCaseMain.startTestSuite(TestCaseMain.java:149)
	at com.kms.katalon.core.main.TestCaseMain$startTestSuite$0.call(Unknown Source)
	at TempTestSuite1574836313732.run(TempTestSuite1574836313732.groovy:36)


2019-11-27 12:02:08 - [TEST_STEP][PASSED] - str = "createSweepServiceOperationResponse.RESPONSE.Output.xStatus.": null

2019-11-27 12:02:08 - [TEST_STEP][ERROR] - testdatapath = findTestData("Z-Connect Test Data/Create Sweep_TestData"): testdatapath = findTestData("Z-Connect Test Data/Create Sweep_TestData") FAILED.
Reason:
java.lang.IllegalArgumentException: Cannot find test data with id 'Data Files/Z-Connect Test Data/Create Sweep_TestData' because (of) 'java.io.FileNotFoundException: C:\Users\khaja.h\Katalon Studio\Z_Connect_Projects\Data Files\Excel Files\Z_Connect_Projects.xlsx'
	at com.kms.katalon.core.testdata.TestDataFactory.findTestData(TestDataFactory.java:122)
	at com.kms.katalon.core.testdata.TestDataFactory$findTestData.callStatic(Unknown Source)
	at Create a sweep for the DDA account for sweep type TD.run(Create a sweep for the DDA account for sweep type TD:18)
	at com.kms.katalon.core.main.ScriptEngine.run(ScriptEngine.java:194)
	at com.kms.katalon.core.main.ScriptEngine.runScriptAsRawText(ScriptEngine.java:119)
	at com.kms.katalon.core.main.TestCaseExecutor.runScript(TestCaseExecutor.java:328)
	at com.kms.katalon.core.main.TestCaseExecutor.doExecute(TestCaseExecutor.java:319)
	at com.kms.katalon.core.main.TestCaseExecutor.processExecutionPhase(TestCaseExecutor.java:298)
	at com.kms.katalon.core.main.TestCaseExecutor.accessMainPhase(TestCaseExecutor.java:290)
	at com.kms.katalon.core.main.TestCaseExecutor.execute(TestCaseExecutor.java:224)
	at com.kms.katalon.core.main.TestSuiteExecutor.accessTestCaseMainPhase(TestSuiteExecutor.java:129)
	at com.kms.katalon.core.main.TestSuiteExecutor.accessTestSuiteMainPhase(TestSuiteExecutor.java:112)
	at com.kms.katalon.core.main.TestSuiteExecutor.execute(TestSuiteExecutor.java:81)
	at com.kms.katalon.core.main.TestCaseMain.startTestSuite(TestCaseMain.java:149)
	at com.kms.katalon.core.main.TestCaseMain$startTestSuite$0.call(Unknown Source)
	at TempTestSuite1574836313732.run(TempTestSuite1574836313732.groovy:36)


2019-11-27 12:02:08 - [MESSAGE][ERROR] - testdatapath = findTestData("Z-Connect Test Data/Create Sweep_TestData") FAILED.
Reason:
java.lang.IllegalArgumentException: Cannot find test data with id 'Data Files/Z-Connect Test Data/Create Sweep_TestData' because (of) 'java.io.FileNotFoundException: C:\Users\khaja.h\Katalon Studio\Z_Connect_Projects\Data Files\Excel Files\Z_Connect_Projects.xlsx'
	at com.kms.katalon.core.testdata.TestDataFactory.findTestData(TestDataFactory.java:122)
	at com.kms.katalon.core.testdata.TestDataFactory$findTestData.callStatic(Unknown Source)
	at Create a sweep for the DDA account for sweep type TD.run(Create a sweep for the DDA account for sweep type TD:18)
	at com.kms.katalon.core.main.ScriptEngine.run(ScriptEngine.java:194)
	at com.kms.katalon.core.main.ScriptEngine.runScriptAsRawText(ScriptEngine.java:119)
	at com.kms.katalon.core.main.TestCaseExecutor.runScript(TestCaseExecutor.java:328)
	at com.kms.katalon.core.main.TestCaseExecutor.doExecute(TestCaseExecutor.java:319)
	at com.kms.katalon.core.main.TestCaseExecutor.processExecutionPhase(TestCaseExecutor.java:298)
	at com.kms.katalon.core.main.TestCaseExecutor.accessMainPhase(TestCaseExecutor.java:290)
	at com.kms.katalon.core.main.TestCaseExecutor.execute(TestCaseExecutor.java:224)
	at com.kms.katalon.core.main.TestSuiteExecutor.accessTestCaseMainPhase(TestSuiteExecutor.java:129)
	at com.kms.katalon.core.main.TestSuiteExecutor.accessTestSuiteMainPhase(TestSuiteExecutor.java:112)
	at com.kms.katalon.core.main.TestSuiteExecutor.execute(TestSuiteExecutor.java:81)
	at com.kms.katalon.core.main.TestCaseMain.startTestSuite(TestCaseMain.java:149)
	at com.kms.katalon.core.main.TestCaseMain$startTestSuite$0.call(Unknown Source)
	at TempTestSuite1574836313732.run(TempTestSuite1574836313732.groovy:36)]]></system-out>
         <system-err><![CDATA[2019-11-27 12:02:07 - [TEST_CASE][ERROR] - Test Cases/Create Sweep/Create a sweep for the DDA account for sweep type TD: Test Cases/Create Sweep/Create a sweep for the DDA account for sweep type TD FAILED.
Reason:
java.lang.IllegalArgumentException: Cannot find test data with id 'Data Files/Z-Connect Test Data/Create Sweep_TestData' because (of) 'java.io.FileNotFoundException: C:\Users\khaja.h\Katalon Studio\Z_Connect_Projects\Data Files\Excel Files\Z_Connect_Projects.xlsx'
	at com.kms.katalon.core.testdata.TestDataFactory.findTestData(TestDataFactory.java:122)
	at com.kms.katalon.core.testdata.TestDataFactory$findTestData.callStatic(Unknown Source)
	at Create a sweep for the DDA account for sweep type TD.run(Create a sweep for the DDA account for sweep type TD:18)
	at com.kms.katalon.core.main.ScriptEngine.run(ScriptEngine.java:194)
	at com.kms.katalon.core.main.ScriptEngine.runScriptAsRawText(ScriptEngine.java:119)
	at com.kms.katalon.core.main.TestCaseExecutor.runScript(TestCaseExecutor.java:328)
	at com.kms.katalon.core.main.TestCaseExecutor.doExecute(TestCaseExecutor.java:319)
	at com.kms.katalon.core.main.TestCaseExecutor.processExecutionPhase(TestCaseExecutor.java:298)
	at com.kms.katalon.core.main.TestCaseExecutor.accessMainPhase(TestCaseExecutor.java:290)
	at com.kms.katalon.core.main.TestCaseExecutor.execute(TestCaseExecutor.java:224)
	at com.kms.katalon.core.main.TestSuiteExecutor.accessTestCaseMainPhase(TestSuiteExecutor.java:129)
	at com.kms.katalon.core.main.TestSuiteExecutor.accessTestSuiteMainPhase(TestSuiteExecutor.java:112)
	at com.kms.katalon.core.main.TestSuiteExecutor.execute(TestSuiteExecutor.java:81)
	at com.kms.katalon.core.main.TestCaseMain.startTestSuite(TestCaseMain.java:149)
	at com.kms.katalon.core.main.TestCaseMain$startTestSuite$0.call(Unknown Source)
	at TempTestSuite1574836313732.run(TempTestSuite1574836313732.groovy:36)]]></system-err>
      </testcase>
      <testcase name="Test Cases/Create Sweep/Create a sweep for the DDA account with out mandatory fields" classname="Test Cases/Create Sweep/Create a sweep for the DDA account with out mandatory fields" status="ERROR">
         <error type="ERROR" message="Test Cases/Create Sweep/Create a sweep for the DDA account with out mandatory fields FAILED.
Reason:
java.lang.IllegalArgumentException: Cannot find test data with id 'Data Files/Z-Connect Test Data/Create Sweep_TestData' because (of) 'java.io.FileNotFoundException: C:\Users\khaja.h\Katalon Studio\Z_Connect_Projects\Data Files\Excel Files\Z_Connect_Projects.xlsx'
	at com.kms.katalon.core.testdata.TestDataFactory.findTestData(TestDataFactory.java:122)
	at com.kms.katalon.core.testdata.TestDataFactory$findTestData.callStatic(Unknown Source)
	at Create a sweep for the DDA account with out mandatory fields.run(Create a sweep for the DDA account with out mandatory fields:18)
	at com.kms.katalon.core.main.ScriptEngine.run(ScriptEngine.java:194)
	at com.kms.katalon.core.main.ScriptEngine.runScriptAsRawText(ScriptEngine.java:119)
	at com.kms.katalon.core.main.TestCaseExecutor.runScript(TestCaseExecutor.java:328)
	at com.kms.katalon.core.main.TestCaseExecutor.doExecute(TestCaseExecutor.java:319)
	at com.kms.katalon.core.main.TestCaseExecutor.processExecutionPhase(TestCaseExecutor.java:298)
	at com.kms.katalon.core.main.TestCaseExecutor.accessMainPhase(TestCaseExecutor.java:290)
	at com.kms.katalon.core.main.TestCaseExecutor.execute(TestCaseExecutor.java:224)
	at com.kms.katalon.core.main.TestSuiteExecutor.accessTestCaseMainPhase(TestSuiteExecutor.java:129)
	at com.kms.katalon.core.main.TestSuiteExecutor.accessTestSuiteMainPhase(TestSuiteExecutor.java:112)
	at com.kms.katalon.core.main.TestSuiteExecutor.execute(TestSuiteExecutor.java:81)
	at com.kms.katalon.core.main.TestCaseMain.startTestSuite(TestCaseMain.java:149)
	at com.kms.katalon.core.main.TestCaseMain$startTestSuite$0.call(Unknown Source)
	at TempTestSuite1574836313732.run(TempTestSuite1574836313732.groovy:36)
"/>
         <system-out><![CDATA[2019-11-27 12:02:08 - [TEST_CASE][ERROR] - Test Cases/Create Sweep/Create a sweep for the DDA account with out mandatory fields: Test Cases/Create Sweep/Create a sweep for the DDA account with out mandatory fields FAILED.
Reason:
java.lang.IllegalArgumentException: Cannot find test data with id 'Data Files/Z-Connect Test Data/Create Sweep_TestData' because (of) 'java.io.FileNotFoundException: C:\Users\khaja.h\Katalon Studio\Z_Connect_Projects\Data Files\Excel Files\Z_Connect_Projects.xlsx'
	at com.kms.katalon.core.testdata.TestDataFactory.findTestData(TestDataFactory.java:122)
	at com.kms.katalon.core.testdata.TestDataFactory$findTestData.callStatic(Unknown Source)
	at Create a sweep for the DDA account with out mandatory fields.run(Create a sweep for the DDA account with out mandatory fields:18)
	at com.kms.katalon.core.main.ScriptEngine.run(ScriptEngine.java:194)
	at com.kms.katalon.core.main.ScriptEngine.runScriptAsRawText(ScriptEngine.java:119)
	at com.kms.katalon.core.main.TestCaseExecutor.runScript(TestCaseExecutor.java:328)
	at com.kms.katalon.core.main.TestCaseExecutor.doExecute(TestCaseExecutor.java:319)
	at com.kms.katalon.core.main.TestCaseExecutor.processExecutionPhase(TestCaseExecutor.java:298)
	at com.kms.katalon.core.main.TestCaseExecutor.accessMainPhase(TestCaseExecutor.java:290)
	at com.kms.katalon.core.main.TestCaseExecutor.execute(TestCaseExecutor.java:224)
	at com.kms.katalon.core.main.TestSuiteExecutor.accessTestCaseMainPhase(TestSuiteExecutor.java:129)
	at com.kms.katalon.core.main.TestSuiteExecutor.accessTestSuiteMainPhase(TestSuiteExecutor.java:112)
	at com.kms.katalon.core.main.TestSuiteExecutor.execute(TestSuiteExecutor.java:81)
	at com.kms.katalon.core.main.TestCaseMain.startTestSuite(TestCaseMain.java:149)
	at com.kms.katalon.core.main.TestCaseMain$startTestSuite$0.call(Unknown Source)
	at TempTestSuite1574836313732.run(TempTestSuite1574836313732.groovy:36)


2019-11-27 12:02:08 - [TEST_STEP][PASSED] - str = "createSweepServiceOperationResponse.RESPONSE.Output.xStatus.": null

2019-11-27 12:02:08 - [TEST_STEP][ERROR] - testdatapath = findTestData("Z-Connect Test Data/Create Sweep_TestData"): testdatapath = findTestData("Z-Connect Test Data/Create Sweep_TestData") FAILED.
Reason:
java.lang.IllegalArgumentException: Cannot find test data with id 'Data Files/Z-Connect Test Data/Create Sweep_TestData' because (of) 'java.io.FileNotFoundException: C:\Users\khaja.h\Katalon Studio\Z_Connect_Projects\Data Files\Excel Files\Z_Connect_Projects.xlsx'
	at com.kms.katalon.core.testdata.TestDataFactory.findTestData(TestDataFactory.java:122)
	at com.kms.katalon.core.testdata.TestDataFactory$findTestData.callStatic(Unknown Source)
	at Create a sweep for the DDA account with out mandatory fields.run(Create a sweep for the DDA account with out mandatory fields:18)
	at com.kms.katalon.core.main.ScriptEngine.run(ScriptEngine.java:194)
	at com.kms.katalon.core.main.ScriptEngine.runScriptAsRawText(ScriptEngine.java:119)
	at com.kms.katalon.core.main.TestCaseExecutor.runScript(TestCaseExecutor.java:328)
	at com.kms.katalon.core.main.TestCaseExecutor.doExecute(TestCaseExecutor.java:319)
	at com.kms.katalon.core.main.TestCaseExecutor.processExecutionPhase(TestCaseExecutor.java:298)
	at com.kms.katalon.core.main.TestCaseExecutor.accessMainPhase(TestCaseExecutor.java:290)
	at com.kms.katalon.core.main.TestCaseExecutor.execute(TestCaseExecutor.java:224)
	at com.kms.katalon.core.main.TestSuiteExecutor.accessTestCaseMainPhase(TestSuiteExecutor.java:129)
	at com.kms.katalon.core.main.TestSuiteExecutor.accessTestSuiteMainPhase(TestSuiteExecutor.java:112)
	at com.kms.katalon.core.main.TestSuiteExecutor.execute(TestSuiteExecutor.java:81)
	at com.kms.katalon.core.main.TestCaseMain.startTestSuite(TestCaseMain.java:149)
	at com.kms.katalon.core.main.TestCaseMain$startTestSuite$0.call(Unknown Source)
	at TempTestSuite1574836313732.run(TempTestSuite1574836313732.groovy:36)


2019-11-27 12:02:08 - [MESSAGE][ERROR] - testdatapath = findTestData("Z-Connect Test Data/Create Sweep_TestData") FAILED.
Reason:
java.lang.IllegalArgumentException: Cannot find test data with id 'Data Files/Z-Connect Test Data/Create Sweep_TestData' because (of) 'java.io.FileNotFoundException: C:\Users\khaja.h\Katalon Studio\Z_Connect_Projects\Data Files\Excel Files\Z_Connect_Projects.xlsx'
	at com.kms.katalon.core.testdata.TestDataFactory.findTestData(TestDataFactory.java:122)
	at com.kms.katalon.core.testdata.TestDataFactory$findTestData.callStatic(Unknown Source)
	at Create a sweep for the DDA account with out mandatory fields.run(Create a sweep for the DDA account with out mandatory fields:18)
	at com.kms.katalon.core.main.ScriptEngine.run(ScriptEngine.java:194)
	at com.kms.katalon.core.main.ScriptEngine.runScriptAsRawText(ScriptEngine.java:119)
	at com.kms.katalon.core.main.TestCaseExecutor.runScript(TestCaseExecutor.java:328)
	at com.kms.katalon.core.main.TestCaseExecutor.doExecute(TestCaseExecutor.java:319)
	at com.kms.katalon.core.main.TestCaseExecutor.processExecutionPhase(TestCaseExecutor.java:298)
	at com.kms.katalon.core.main.TestCaseExecutor.accessMainPhase(TestCaseExecutor.java:290)
	at com.kms.katalon.core.main.TestCaseExecutor.execute(TestCaseExecutor.java:224)
	at com.kms.katalon.core.main.TestSuiteExecutor.accessTestCaseMainPhase(TestSuiteExecutor.java:129)
	at com.kms.katalon.core.main.TestSuiteExecutor.accessTestSuiteMainPhase(TestSuiteExecutor.java:112)
	at com.kms.katalon.core.main.TestSuiteExecutor.execute(TestSuiteExecutor.java:81)
	at com.kms.katalon.core.main.TestCaseMain.startTestSuite(TestCaseMain.java:149)
	at com.kms.katalon.core.main.TestCaseMain$startTestSuite$0.call(Unknown Source)
	at TempTestSuite1574836313732.run(TempTestSuite1574836313732.groovy:36)]]></system-out>
         <system-err><![CDATA[2019-11-27 12:02:08 - [TEST_CASE][ERROR] - Test Cases/Create Sweep/Create a sweep for the DDA account with out mandatory fields: Test Cases/Create Sweep/Create a sweep for the DDA account with out mandatory fields FAILED.
Reason:
java.lang.IllegalArgumentException: Cannot find test data with id 'Data Files/Z-Connect Test Data/Create Sweep_TestData' because (of) 'java.io.FileNotFoundException: C:\Users\khaja.h\Katalon Studio\Z_Connect_Projects\Data Files\Excel Files\Z_Connect_Projects.xlsx'
	at com.kms.katalon.core.testdata.TestDataFactory.findTestData(TestDataFactory.java:122)
	at com.kms.katalon.core.testdata.TestDataFactory$findTestData.callStatic(Unknown Source)
	at Create a sweep for the DDA account with out mandatory fields.run(Create a sweep for the DDA account with out mandatory fields:18)
	at com.kms.katalon.core.main.ScriptEngine.run(ScriptEngine.java:194)
	at com.kms.katalon.core.main.ScriptEngine.runScriptAsRawText(ScriptEngine.java:119)
	at com.kms.katalon.core.main.TestCaseExecutor.runScript(TestCaseExecutor.java:328)
	at com.kms.katalon.core.main.TestCaseExecutor.doExecute(TestCaseExecutor.java:319)
	at com.kms.katalon.core.main.TestCaseExecutor.processExecutionPhase(TestCaseExecutor.java:298)
	at com.kms.katalon.core.main.TestCaseExecutor.accessMainPhase(TestCaseExecutor.java:290)
	at com.kms.katalon.core.main.TestCaseExecutor.execute(TestCaseExecutor.java:224)
	at com.kms.katalon.core.main.TestSuiteExecutor.accessTestCaseMainPhase(TestSuiteExecutor.java:129)
	at com.kms.katalon.core.main.TestSuiteExecutor.accessTestSuiteMainPhase(TestSuiteExecutor.java:112)
	at com.kms.katalon.core.main.TestSuiteExecutor.execute(TestSuiteExecutor.java:81)
	at com.kms.katalon.core.main.TestCaseMain.startTestSuite(TestCaseMain.java:149)
[...]
Reason:
java.lang.IllegalArgumentException: Cannot find test data with id 'Data Files/Z-Connect Test Data/Create Sweep_TestData' because (of) 'java.io.FileNotFoundException: C:\Users\khaja.h\Katalon Studio\Z_Connect_Projects\Data Files\Excel Files\Z_Connect_Projects.xlsx'
	at com.kms.katalon.core.testdata.TestDataFactory.findTestData(TestDataFactory.java:122)
	at com.kms.katalon.core.testdata.TestDataFactory$findTestData.callStatic(Unknown Source)
	at Create a sweep for the DDA account for sweep type OD inv instr cde for driver type.run(Create a sweep for the DDA account for sweep type OD inv instr cde for driver type:18)
	at com.kms.katalon.core.main.ScriptEngine.run(ScriptEngine.java:194)
	at com.kms.katalon.core.main.ScriptEngine.runScriptAsRawText(ScriptEngine.java:119)
	at com.kms.katalon.core.main.TestCaseExecutor.runScript(TestCaseExecutor.java:328)
	at com.kms.katalon.core.main.TestCaseExecutor.doExecute(TestCaseExecutor.java:319)
	at com.kms.katalon.core.main.TestCaseExecutor.processExecutionPhase(TestCaseExecutor.java:298)
	at com.kms.katalon.core.main.TestCaseExecutor.accessMainPhase(TestCaseExecutor.java:290)
	at com.kms.katalon.core.main.TestCaseExecutor.execute(TestCaseExecutor.java:224)
	at com.kms.katalon.core.main.TestSuiteExecutor.accessTestCaseMainPhase(TestSuiteExecutor.java:129)
	at com.kms.katalon.core.main.TestSuiteExecutor.accessTestSuiteMainPhase(TestSuiteExecutor.java:112)
	at com.kms.katalon.core.main.TestSuiteExecutor.execute(TestSuiteExecutor.java:81)
	at com.kms.katalon.core.main.TestCaseMain.startTestSuite(TestCaseMain.java:149)
	at com.kms.katalon.core.main.TestCaseMain$startTestSuite$0.call(Unknown Source)
	at TempTestSuite1574836313732.run(TempTestSuite1574836313732.groovy:36)


2019-11-27 12:02:11 - [MESSAGE][ERROR] - testdatapath = findTestData("Z-Connect Test Data/Create Sweep_TestData") FAILED.
Reason:
java.lang.IllegalArgumentException: Cannot find test data with id 'Data Files/Z-Connect Test Data/Create Sweep_TestData' because (of) 'java.io.FileNotFoundException: C:\Users\khaja.h\Katalon Studio\Z_Connect_Projects\Data Files\Excel Files\Z_Connect_Projects.xlsx'
	at com.kms.katalon.core.testdata.TestDataFactory.findTestData(TestDataFactory.java:122)
	at com.kms.katalon.core.testdata.TestDataFactory$findTestData.callStatic(Unknown Source)
	at Create a sweep for the DDA account for sweep type OD inv instr cde for driver type.run(Create a sweep for the DDA account for sweep type OD inv instr cde for driver type:18)
	at com.kms.katalon.core.main.ScriptEngine.run(ScriptEngine.java:194)
	at com.kms.katalon.core.main.ScriptEngine.runScriptAsRawText(ScriptEngine.java:119)
	at com.kms.katalon.core.main.TestCaseExecutor.runScript(TestCaseExecutor.java:328)
	at com.kms.katalon.core.main.TestCaseExecutor.doExecute(TestCaseExecutor.java:319)
	at com.kms.katalon.core.main.TestCaseExecutor.processExecutionPhase(TestCaseExecutor.java:298)
	at com.kms.katalon.core.main.TestCaseExecutor.accessMainPhase(TestCaseExecutor.java:290)
	at com.kms.katalon.core.main.TestCaseExecutor.execute(TestCaseExecutor.java:224)
	at com.kms.katalon.core.main.TestSuiteExecutor.accessTestCaseMainPhase(TestSuiteExecutor.java:129)
	at com.kms.katalon.core.main.TestSuiteExecutor.accessTestSuiteMainPhase(TestSuiteExecutor.java:112)
	at com.kms.katalon.core.main.TestSuiteExecutor.execute(TestSuiteExecutor.java:81)
	at com.kms.katalon.core.main.TestCaseMain.startTestSuite(TestCaseMain.java:149)
	at com.kms.katalon.core.main.TestCaseMain$startTestSuite$0.call(Unknown Source)
	at TempTestSuite1574836313732.run(TempTestSuite1574836313732.groovy:36)]]></system-out>
         <system-err><![CDATA[2019-11-27 12:02:10 - [TEST_CASE][ERROR] - Test Cases/Create Sweep/Create a sweep for the DDA account for sweep type OD inv instr cde for driver type: Test Cases/Create Sweep/Create a sweep for the DDA account for sweep type OD inv instr cde for driver type FAILED.
Reason:
java.lang.IllegalArgumentException: Cannot find test data with id 'Data Files/Z-Connect Test Data/Create Sweep_TestData' because (of) 'java.io.FileNotFoundException: C:\Users\khaja.h\Katalon Studio\Z_Connect_Projects\Data Files\Excel Files\Z_Connect_Projects.xlsx'
	at com.kms.katalon.core.testdata.TestDataFactory.findTestData(TestDataFactory.java:122)
	at com.kms.katalon.core.testdata.TestDataFactory$findTestData.callStatic(Unknown Source)
	at Create a sweep for the DDA account for sweep type OD inv instr cde for driver type.run(Create a sweep for the DDA account for sweep type OD inv instr cde for driver type:18)
	at com.kms.katalon.core.main.ScriptEngine.run(ScriptEngine.java:194)
	at com.kms.katalon.core.main.ScriptEngine.runScriptAsRawText(ScriptEngine.java:119)
	at com.kms.katalon.core.main.TestCaseExecutor.runScript(TestCaseExecutor.java:328)
	at com.kms.katalon.core.main.TestCaseExecutor.doExecute(TestCaseExecutor.java:319)
	at com.kms.katalon.core.main.TestCaseExecutor.processExecutionPhase(TestCaseExecutor.java:298)
	at com.kms.katalon.core.main.TestCaseExecutor.accessMainPhase(TestCaseExecutor.java:290)
	at com.kms.katalon.core.main.TestCaseExecutor.execute(TestCaseExecutor.java:224)
	at com.kms.katalon.core.main.TestSuiteExecutor.accessTestCaseMainPhase(TestSuiteExecutor.java:129)
	at com.kms.katalon.core.main.TestSuiteExecutor.accessTestSuiteMainPhase(TestSuiteExecutor.java:112)
	at com.kms.katalon.core.main.TestSuiteExecutor.execute(TestSuiteExecutor.java:81)
	at com.kms.katalon.core.main.TestCaseMain.startTestSuite(TestCaseMain.java:149)
	at com.kms.katalon.core.main.TestCaseMain$startTestSuite$0.call(Unknown Source)
	at TempTestSuite1574836313732.run(TempTestSuite1574836313732.groovy:36)]]></system-err>
      </testcase>
      <testcase name="Test Cases/Create Sweep/Create a sweep for the DDA account for sweep type OD rel account info already exists" classname="Test Cases/Create Sweep/Create a sweep for the DDA account for sweep type OD rel account info already exists" status="ERROR">
         <error type="ERROR" message="Test Cases/Create Sweep/Create a sweep for the DDA account for sweep type OD rel account info already exists FAILED.
Reason:
java.lang.IllegalArgumentException: Cannot find test data with id 'Data Files/Z-Connect Test Data/Create Sweep_TestData' because (of) 'java.io.FileNotFoundException: C:\Users\khaja.h\Katalon Studio\Z_Connect_Projects\Data Files\Excel Files\Z_Connect_Projects.xlsx'
	at com.kms.katalon.core.testdata.TestDataFactory.findTestData(TestDataFactory.java:122)
	at com.kms.katalon.core.testdata.TestDataFactory$findTestData.callStatic(Unknown Source)
	at Create a sweep for the DDA account for sweep type OD rel account info already exists.run(Create a sweep for the DDA account for sweep type OD rel account info already exists:18)
	at com.kms.katalon.core.main.ScriptEngine.run(ScriptEngine.java:194)
	at com.kms.katalon.core.main.ScriptEngine.runScriptAsRawText(ScriptEngine.java:119)
	at com.kms.katalon.core.main.TestCaseExecutor.runScript(TestCaseExecutor.java:328)
	at com.kms.katalon.core.main.TestCaseExecutor.doExecute(TestCaseExecutor.java:319)
	at com.kms.katalon.core.main.TestCaseExecutor.processExecutionPhase(TestCaseExecutor.java:298)
	at com.kms.katalon.core.main.TestCaseExecutor.accessMainPhase(TestCaseExecutor.java:290)
	at com.kms.katalon.core.main.TestCaseExecutor.execute(TestCaseExecutor.java:224)
	at com.kms.katalon.core.main.TestSuiteExecutor.accessTestCaseMainPhase(TestSuiteExecutor.java:129)
	at com.kms.katalon.core.main.TestSuiteExecutor.accessTestSuiteMainPhase(TestSuiteExecutor.java:112)
	at com.kms.katalon.core.main.TestSuiteExecutor.execute(TestSuiteExecutor.java:81)
	at com.kms.katalon.core.main.TestCaseMain.startTestSuite(TestCaseMain.java:149)
	at com.kms.katalon.core.main.TestCaseMain$startTestSuite$0.call(Unknown Source)
	at TempTestSuite1574836313732.run(TempTestSuite1574836313732.groovy:36)
"/>
         <system-out><![CDATA[2019-11-27 12:02:11 - [TEST_CASE][ERROR] - Test Cases/Create Sweep/Create a sweep for the DDA account for sweep type OD rel account info already exists: Test Cases/Create Sweep/Create a sweep for the DDA account for sweep type OD rel account info already exists FAILED.
Reason:
java.lang.IllegalArgumentException: Cannot find test data with id 'Data Files/Z-Connect Test Data/Create Sweep_TestData' because (of) 'java.io.FileNotFoundException: C:\Users\khaja.h\Katalon Studio\Z_Connect_Projects\Data Files\Excel Files\Z_Connect_Projects.xlsx'
	at com.kms.katalon.core.testdata.TestDataFactory.findTestData(TestDataFactory.java:122)
	at com.kms.katalon.core.testdata.TestDataFactory$findTestData.callStatic(Unknown Source)
	at Create a sweep for the DDA account for sweep type OD rel account info already exists.run(Create a sweep for the DDA account for sweep type OD rel account info already exists:18)
	at com.kms.katalon.core.main.ScriptEngine.run(ScriptEngine.java:194)
	at com.kms.katalon.core.main.ScriptEngine.runScriptAsRawText(ScriptEngine.java:119)
	at com.kms.katalon.core.main.TestCaseExecutor.runScript(TestCaseExecutor.java:328)
	at com.kms.katalon.core.main.TestCaseExecutor.doExecute(TestCaseExecutor.java:319)
	at com.kms.katalon.core.main.TestCaseExecutor.processExecutionPhase(TestCaseExecutor.java:298)
	at com.kms.katalon.core.main.TestCaseExecutor.accessMainPhase(TestCaseExecutor.java:290)
	at com.kms.katalon.core.main.TestCaseExecutor.execute(TestCaseExecutor.java:224)
	at com.kms.katalon.core.main.TestSuiteExecutor.accessTestCaseMainPhase(TestSuiteExecutor.java:129)
	at com.kms.katalon.core.main.TestSuiteExecutor.accessTestSuiteMainPhase(TestSuiteExecutor.java:112)
	at com.kms.katalon.core.main.TestSuiteExecutor.execute(TestSuiteExecutor.java:81)
	at com.kms.katalon.core.main.TestCaseMain.startTestSuite(TestCaseMain.java:149)
	at com.kms.katalon.core.main.TestCaseMain$startTestSuite$0.call(Unknown Source)
	at TempTestSuite1574836313732.run(TempTestSuite1574836313732.groovy:36)


2019-11-27 12:02:12 - [TEST_STEP][PASSED] - str = "createSweepServiceOperationResponse.RESPONSE.Output.xStatus.": null

2019-11-27 12:02:12 - [TEST_STEP][ERROR] - testdatapath = findTestData("Z-Connect Test Data/Create Sweep_TestData"): testdatapath = findTestData("Z-Connect Test Data/Create Sweep_TestData") FAILED.
Reason:
java.lang.IllegalArgumentException: Cannot find test data with id 'Data Files/Z-Connect Test Data/Create Sweep_TestData' because (of) 'java.io.FileNotFoundException: C:\Users\khaja.h\Katalon Studio\Z_Connect_Projects\Data Files\Excel Files\Z_Connect_Projects.xlsx'
	at com.kms.katalon.core.testdata.TestDataFactory.findTestData(TestDataFactory.java:122)
	at com.kms.katalon.core.testdata.TestDataFactory$findTestData.callStatic(Unknown Source)
	at Create a sweep for the DDA account for sweep type OD rel account info already exists.run(Create a sweep for the DDA account for sweep type OD rel account info already exists:18)
	at com.kms.katalon.core.main.ScriptEngine.run(ScriptEngine.java:194)
	at com.kms.katalon.core.main.ScriptEngine.runScriptAsRawText(ScriptEngine.java:119)
	at com.kms.katalon.core.main.TestCaseExecutor.runScript(TestCaseExecutor.java:328)
	at com.kms.katalon.core.main.TestCaseExecutor.doExecute(TestCaseExecutor.java:319)
	at com.kms.katalon.core.main.TestCaseExecutor.processExecutionPhase(TestCaseExecutor.java:298)
	at com.kms.katalon.core.main.TestCaseExecutor.accessMainPhase(TestCaseExecutor.java:290)
	at com.kms.katalon.core.main.TestCaseExecutor.execute(TestCaseExecutor.java:224)
	at com.kms.katalon.core.main.TestSuiteExecutor.accessTestCaseMainPhase(TestSuiteExecutor.java:129)
	at com.kms.katalon.core.main.TestSuiteExecutor.accessTestSuiteMainPhase(TestSuiteExecutor.java:112)
	at com.kms.katalon.core.main.TestSuiteExecutor.execute(TestSuiteExecutor.java:81)
	at com.kms.katalon.core.main.TestCaseMain.startTestSuite(TestCaseMain.java:149)
	at com.kms.katalon.core.main.TestCaseMain$startTestSuite$0.call(Unknown Source)
	at TempTestSuite1574836313732.run(TempTestSuite1574836313732.groovy:36)


2019-11-27 12:02:12 - [MESSAGE][ERROR] - testdatapath = findTestData("Z-Connect Test Data/Create Sweep_TestData") FAILED.
Reason:
java.lang.IllegalArgumentException: Cannot find test data with id 'Data Files/Z-Connect Test Data/Create Sweep_TestData' because (of) 'java.io.FileNotFoundException: C:\Users\khaja.h\Katalon Studio\Z_Connect_Projects\Data Files\Excel Files\Z_Connect_Projects.xlsx'
	at com.kms.katalon.core.testdata.TestDataFactory.findTestData(TestDataFactory.java:122)
	at com.kms.katalon.core.testdata.TestDataFactory$findTestData.callStatic(Unknown Source)
	at Create a sweep for the DDA account for sweep type OD rel account info already exists.run(Create a sweep for the DDA account for sweep type OD rel account info already exists:18)
	at com.kms.katalon.core.main.ScriptEngine.run(ScriptEngine.java:194)
	at com.kms.katalon.core.main.ScriptEngine.runScriptAsRawText(ScriptEngine.java:119)
	at com.kms.katalon.core.main.TestCaseExecutor.runScript(TestCaseExecutor.java:328)
	at com.kms.katalon.core.main.TestCaseExecutor.doExecute(TestCaseExecutor.java:319)
	at com.kms.katalon.core.main.TestCaseExecutor.processExecutionPhase(TestCaseExecutor.java:298)
	at com.kms.katalon.core.main.TestCaseExecutor.accessMainPhase(TestCaseExecutor.java:290)
	at com.kms.katalon.core.main.TestCaseExecutor.execute(TestCaseExecutor.java:224)
	at com.kms.katalon.core.main.TestSuiteExecutor.accessTestCaseMainPhase(TestSuiteExecutor.java:129)
	at com.kms.katalon.core.main.TestSuiteExecutor.accessTestSuiteMainPhase(TestSuiteExecutor.java:112)
	at com.kms.katalon.core.main.TestSuiteExecutor.execute(TestSuiteExecutor.java:81)
	at com.kms.katalon.core.main.TestCaseMain.startTestSuite(TestCaseMain.java:149)
	at com.kms.katalon.core.main.TestCaseMain$startTestSuite$0.call(Unknown Source)
	at TempTestSuite1574836313732.run(TempTestSuite1574836313732.groovy:36)]]></system-out>
         <system-err><![CDATA[2019-11-27 12:02:11 - [TEST_CASE][ERROR] - Test Cases/Create Sweep/Create a sweep for the DDA account for sweep type OD rel account info already exists: Test Cases/Create Sweep/Create a sweep for the DDA account for sweep type OD rel account info already exists FAILED.
Reason:
java.lang.IllegalArgumentException: Cannot find test data with id 'Data Files/Z-Connect Test Data/Create Sweep_TestData' because (of) 'java.io.FileNotFoundException: C:\Users\khaja.h\Katalon Studio\Z_Connect_Projects\Data Files\Excel Files\Z_Connect_Projects.xlsx'
	at com.kms.katalon.core.testdata.TestDataFactory.findTestData(TestDataFactory.java:122)
	at com.kms.katalon.core.testdata.TestDataFactory$findTestData.callStatic(Unknown Source)
	at Create a sweep for the DDA account for sweep type OD rel account info already exists.run(Create a sweep for the DDA account for sweep type OD rel account info already exists:18)
	at com.kms.katalon.core.main.ScriptEngine.run(ScriptEngine.java:194)
	at com.kms.katalon.core.main.ScriptEngine.runScriptAsRawText(ScriptEngine.java:119)
	at com.kms.katalon.core.main.TestCaseExecutor.runScript(TestCaseExecutor.java:328)
	at com.kms.katalon.core.main.TestCaseExecutor.doExecute(TestCaseExecutor.java:319)
	at com.kms.katalon.core.main.TestCaseExecutor.processExecutionPhase(TestCaseExecutor.java:298)
	at com.kms.katalon.core.main.TestCaseExecutor.accessMainPhase(TestCaseExecutor.java:290)
	at com.kms.katalon.core.main.TestCaseExecutor.execute(TestCaseExecutor.java:224)
	at com.kms.katalon.core.main.TestSuiteExecutor.accessTestCaseMainPhase(TestSuiteExecutor.java:129)
	at com.kms.katalon.core.main.TestSuiteExecutor.accessTestSuiteMainPhase(TestSuiteExecutor.java:112)
	at com.kms.katalon.core.main.TestSuiteExecutor.execute(TestSuiteExecutor.java:81)
	at com.kms.katalon.core.main.TestCaseMain.startTestSuite(TestCaseMain.java:149)
	at com.kms.katalon.core.main.TestCaseMain$startTestSuite$0.call(Unknown Source)
	at TempTestSuite1574836313732.run(TempTestSuite1574836313732.groovy:36)]]></system-err>
      </testcase>
      <system-out><![CDATA[2019-11-27 12:02:00 - [TEST_SUITE][ERROR] - Create Sweep: Test Cases/Create Sweep/Create a sweep for the DDA account for sweep type XF FAILED.
Reason:
java.lang.IllegalArgumentException: Cannot find test data with id 'Data Files/Z-Connect Test Data/Create Sweep_TestData' because (of) 'java.io.FileNotFoundException: C:\Users\khaja.h\Katalon Studio\Z_Connect_Projects\Data Files\Excel Files\Z_Connect_Projects.xlsx'
	at com.kms.katalon.core.testdata.TestDataFactory.findTestData(TestDataFactory.java:122)
	at com.kms.katalon.core.testdata.TestDataFactory$findTestData.callStatic(Unknown Source)
	at Create a sweep for the DDA account for sweep type XF.run(Create a sweep for the DDA account for sweep type XF:18)
	at com.kms.katalon.core.main.ScriptEngine.run(ScriptEngine.java:194)
	at com.kms.katalon.core.main.ScriptEngine.runScriptAsRawText(ScriptEngine.java:119)
	at com.kms.katalon.core.main.TestCaseExecutor.runScript(TestCaseExecutor.java:328)
	at com.kms.katalon.core.main.TestCaseExecutor.doExecute(TestCaseExecutor.java:319)
	at com.kms.katalon.core.main.TestCaseExecutor.processExecutionPhase(TestCaseExecutor.java:298)
	at com.kms.katalon.core.main.TestCaseExecutor.accessMainPhase(TestCaseExecutor.java:290)
	at com.kms.katalon.core.main.TestCaseExecutor.execute(TestCaseExecutor.java:224)
	at com.kms.katalon.core.main.TestSuiteExecutor.accessTestCaseMainPhase(TestSuiteExecutor.java:129)
	at com.kms.katalon.core.main.TestSuiteExecutor.accessTestSuiteMainPhase(TestSuiteExecutor.java:112)
	at com.kms.katalon.core.main.TestSuiteExecutor.execute(TestSuiteExecutor.java:81)
	at com.kms.katalon.core.main.TestCaseMain.startTestSuite(TestCaseMain.java:149)
	at com.kms.katalon.core.main.TestCaseMain$startTestSuite$0.call(Unknown Source)
	at TempTestSuite1574836313732.run(TempTestSuite1574836313732.groovy:36)]]></system-out>
      <system-err><![CDATA[2019-11-27 12:02:00 - [TEST_SUITE][ERROR] - Create Sweep: Test Cases/Create Sweep/Create a sweep for the DDA account for sweep type XF FAILED.
Reason:
java.lang.IllegalArgumentException: Cannot find test data with id 'Data Files/Z-Connect Test Data/Create Sweep_TestData' because (of) 'java.io.FileNotFoundException: C:\Users\khaja.h\Katalon Studio\Z_Connect_Projects\Data Files\Excel Files\Z_Connect_Projects.xlsx'
	at com.kms.katalon.core.testdata.TestDataFactory.findTestData(TestDataFactory.java:122)
	at com.kms.katalon.core.testdata.TestDataFactory$findTestData.callStatic(Unknown Source)
	at Create a sweep for the DDA account for sweep type XF.run(Create a sweep for the DDA account for sweep type XF:18)
	at com.kms.katalon.core.main.ScriptEngine.run(ScriptEngine.java:194)
	at com.kms.katalon.core.main.ScriptEngine.runScriptAsRawText(ScriptEngine.java:119)
	at com.kms.katalon.core.main.TestCaseExecutor.runScript(TestCaseExecutor.java:328)
	at com.kms.katalon.core.main.TestCaseExecutor.doExecute(TestCaseExecutor.java:319)
	at com.kms.katalon.core.main.TestCaseExecutor.processExecutionPhase(TestCaseExecutor.java:298)
	at com.kms.katalon.core.main.TestCaseExecutor.accessMainPhase(TestCaseExecutor.java:290)
	at com.kms.katalon.core.main.TestCaseExecutor.execute(TestCaseExecutor.java:224)
	at com.kms.katalon.core.main.TestSuiteExecutor.accessTestCaseMainPhase(TestSuiteExecutor.java:129)
	at com.kms.katalon.core.main.TestSuiteExecutor.accessTestSuiteMainPhase(TestSuiteExecutor.java:112)
	at com.kms.katalon.core.main.TestSuiteExecutor.execute(TestSuiteExecutor.java:81)
	at com.kms.katalon.core.main.TestCaseMain.startTestSuite(TestCaseMain.java:149)
	at com.kms.katalon.core.main.TestCaseMain$startTestSuite$0.call(Unknown Source)
	at TempTestSuite1574836313732.run(TempTestSuite1574836313732.groovy:36)]]></system-err>
   </testsuite>
</testsuites>
